CRITICAL - 2024-06-21 08:01:16 --> CodeIgniter\View\Exceptions\ViewException: Invalid file: "/layout/template.php"
in SYSTEMPATH\Exceptions\FrameworkException.php on line 39.
 1 SYSTEMPATH\View\View.php(216): CodeIgniter\Exceptions\FrameworkException::forInvalidFile('/layout/template.php')
 2 SYSTEMPATH\View\View.php(244): CodeIgniter\View\View->render('/layout/template', [], true)
 3 SYSTEMPATH\Common.php(1178): CodeIgniter\View\View->render('home', [], true)
 4 APPPATH\Controllers\Home.php(19): view('home')
 5 SYSTEMPATH\CodeIgniter.php(941): App\Controllers\Home->home()
 6 SYSTEMPATH\CodeIgniter.php(502): CodeIgniter\CodeIgniter->runController(Object(App\Controllers\Home))
 7 SYSTEMPATH\CodeIgniter.php(361): CodeIgniter\CodeIgniter->handleRequest(null, Object(Config\Cache), false)
 8 FCPATH\index.php(79): CodeIgniter\CodeIgniter->run()
 9 SYSTEMPATH\Commands\Server\rewrite.php(47): require_once('C:\\xampp\\htdocs\\dash_mon_dt\\public\\index.php')
CRITICAL - 2024-06-21 08:07:36 --> CodeIgniter\View\Exceptions\ViewException: Invalid file: "configurasi.php"
in SYSTEMPATH\Exceptions\FrameworkException.php on line 39.
 1 SYSTEMPATH\View\View.php(216): CodeIgniter\Exceptions\FrameworkException::forInvalidFile('configurasi.php')
 2 SYSTEMPATH\Common.php(1178): CodeIgniter\View\View->render('configurasi', [], true)
 3 APPPATH\Controllers\Home.php(25): view('configurasi')
 4 SYSTEMPATH\CodeIgniter.php(941): App\Controllers\Home->config()
 5 SYSTEMPATH\CodeIgniter.php(502): CodeIgniter\CodeIgniter->runController(Object(App\Controllers\Home))
 6 SYSTEMPATH\CodeIgniter.php(361): CodeIgniter\CodeIgniter->handleRequest(null, Object(Config\Cache), false)
 7 FCPATH\index.php(79): CodeIgniter\CodeIgniter->run()
 8 SYSTEMPATH\Commands\Server\rewrite.php(47): require_once('C:\\xampp\\htdocs\\dash_mon_dt\\public\\index.php')
CRITICAL - 2024-06-21 08:35:20 --> CodeIgniter\View\Exceptions\ViewException: Invalid file: "navbar.php"
in SYSTEMPATH\Exceptions\FrameworkException.php on line 39.
 1 SYSTEMPATH\View\View.php(216): CodeIgniter\Exceptions\FrameworkException::forInvalidFile('navbar.php')
 2 SYSTEMPATH\View\View.php(469): CodeIgniter\View\View->render('navbar', null, true)
 3 APPPATH\Views\home.php(2): CodeIgniter\View\View->include('navbar')
 4 SYSTEMPATH\View\View.php(228): include('C:\\xampp\\htdocs\\dash_mon_dt\\app\\Views\\home.php')
 5 SYSTEMPATH\View\View.php(231): CodeIgniter\View\View->CodeIgniter\View\{closure}()
 6 SYSTEMPATH\Common.php(1178): CodeIgniter\View\View->render('home', [], true)
 7 APPPATH\Controllers\Home.php(19): view('home')
 8 SYSTEMPATH\CodeIgniter.php(941): App\Controllers\Home->home()
 9 SYSTEMPATH\CodeIgniter.php(502): CodeIgniter\CodeIgniter->runController(Object(App\Controllers\Home))
10 SYSTEMPATH\CodeIgniter.php(361): CodeIgniter\CodeIgniter->handleRequest(null, Object(Config\Cache), false)
11 FCPATH\index.php(79): CodeIgniter\CodeIgniter->run()
12 SYSTEMPATH\Commands\Server\rewrite.php(47): require_once('C:\\xampp\\htdocs\\dash_mon_dt\\public\\index.php')
