CRITICAL - 2024-06-25 01:27:36 --> ErrorException: Undefined property: mysqli::$nolambung
in APPPATH\Views\tampildata.php on line 21.
 1 APPPATH\Views\tampildata.php(21): CodeIgniter\Debug\Exceptions->errorHandler(2, 'Undefined property: mysqli::$nolambung', 'C:\\xampp\\htdocs\\dash_mon_dt\\app\\Views\\tampildata.php', 21)
 2 SYSTEMPATH\View\View.php(228): include('C:\\xampp\\htdocs\\dash_mon_dt\\app\\Views\\tampildata.php')
 3 SYSTEMPATH\View\View.php(231): CodeIgniter\View\View->CodeIgniter\View\{closure}()
 4 SYSTEMPATH\Common.php(1178): CodeIgniter\View\View->render('tampildata', [], true)
 5 APPPATH\Controllers\Equipment.php(91): view('tampildata', [...])
 6 SYSTEMPATH\CodeIgniter.php(941): App\Controllers\Equipment->tampilDataselect()
 7 SYSTEMPATH\CodeIgniter.php(502): CodeIgniter\CodeIgniter->runController(Object(App\Controllers\Equipment))
 8 SYSTEMPATH\CodeIgniter.php(361): CodeIgniter\CodeIgniter->handleRequest(null, Object(Config\Cache), false)
 9 FCPATH\index.php(79): CodeIgniter\CodeIgniter->run()
10 SYSTEMPATH\Commands\Server\rewrite.php(47): require_once('C:\\xampp\\htdocs\\dash_mon_dt\\public\\index.php')
CRITICAL - 2024-06-25 02:36:50 --> ErrorException: Undefined property: App\Controllers\Equipment::$db
in APPPATH\Controllers\Equipment.php on line 87.
 1 APPPATH\Controllers\Equipment.php(87): CodeIgniter\Debug\Exceptions->errorHandler(2, 'Undefined property: App\\Controllers\\Equipment::$db', 'C:\\xampp\\htdocs\\dash_mon_dt\\app\\Controllers\\Equipment.php', 87)
 2 SYSTEMPATH\CodeIgniter.php(941): App\Controllers\Equipment->tampilDataselect()
 3 SYSTEMPATH\CodeIgniter.php(502): CodeIgniter\CodeIgniter->runController(Object(App\Controllers\Equipment))
 4 SYSTEMPATH\CodeIgniter.php(361): CodeIgniter\CodeIgniter->handleRequest(null, Object(Config\Cache), false)
 5 FCPATH\index.php(79): CodeIgniter\CodeIgniter->run()
 6 SYSTEMPATH\Commands\Server\rewrite.php(47): require_once('C:\\xampp\\htdocs\\dash_mon_dt\\public\\index.php')
CRITICAL - 2024-06-25 02:40:36 --> Error: Object of class CodeIgniter\Database\MySQLi\Connection could not be converted to string
in APPPATH\Controllers\Equipment.php on line 87.
 1 SYSTEMPATH\CodeIgniter.php(941): App\Controllers\Equipment->tampilDataselect()
 2 SYSTEMPATH\CodeIgniter.php(502): CodeIgniter\CodeIgniter->runController(Object(App\Controllers\Equipment))
 3 SYSTEMPATH\CodeIgniter.php(361): CodeIgniter\CodeIgniter->handleRequest(null, Object(Config\Cache), false)
 4 FCPATH\index.php(79): CodeIgniter\CodeIgniter->run()
 5 SYSTEMPATH\Commands\Server\rewrite.php(47): require_once('C:\\xampp\\htdocs\\dash_mon_dt\\public\\index.php')
CRITICAL - 2024-06-25 02:43:17 --> ErrorException: Undefined variable $title
in APPPATH\Views\tampildata.php on line 6.
 1 APPPATH\Views\tampildata.php(6): CodeIgniter\Debug\Exceptions->errorHandler(2, 'Undefined variable $title', 'C:\\xampp\\htdocs\\dash_mon_dt\\app\\Views\\tampildata.php', 6)
 2 SYSTEMPATH\View\View.php(228): include('C:\\xampp\\htdocs\\dash_mon_dt\\app\\Views\\tampildata.php')
 3 SYSTEMPATH\View\View.php(231): CodeIgniter\View\View->CodeIgniter\View\{closure}()
 4 SYSTEMPATH\Common.php(1178): CodeIgniter\View\View->render('tampildata', [], true)
 5 APPPATH\Controllers\Equipment.php(93): view('tampildata', [...])
 6 SYSTEMPATH\CodeIgniter.php(941): App\Controllers\Equipment->tampilDataselect()
 7 SYSTEMPATH\CodeIgniter.php(502): CodeIgniter\CodeIgniter->runController(Object(App\Controllers\Equipment))
 8 SYSTEMPATH\CodeIgniter.php(361): CodeIgniter\CodeIgniter->handleRequest(null, Object(Config\Cache), false)
 9 FCPATH\index.php(79): CodeIgniter\CodeIgniter->run()
10 SYSTEMPATH\Commands\Server\rewrite.php(47): require_once('C:\\xampp\\htdocs\\dash_mon_dt\\public\\index.php')
CRITICAL - 2024-06-25 02:43:50 --> ErrorException: Undefined variable $bdm
in APPPATH\Views\tampildata.php on line 17.
 1 APPPATH\Views\tampildata.php(17): CodeIgniter\Debug\Exceptions->errorHandler(2, 'Undefined variable $bdm', 'C:\\xampp\\htdocs\\dash_mon_dt\\app\\Views\\tampildata.php', 17)
 2 SYSTEMPATH\View\View.php(228): include('C:\\xampp\\htdocs\\dash_mon_dt\\app\\Views\\tampildata.php')
 3 SYSTEMPATH\View\View.php(231): CodeIgniter\View\View->CodeIgniter\View\{closure}()
 4 SYSTEMPATH\Common.php(1178): CodeIgniter\View\View->render('tampildata', [], true)
 5 APPPATH\Controllers\Equipment.php(93): view('tampildata', [...])
 6 SYSTEMPATH\CodeIgniter.php(941): App\Controllers\Equipment->tampilDataselect()
 7 SYSTEMPATH\CodeIgniter.php(502): CodeIgniter\CodeIgniter->runController(Object(App\Controllers\Equipment))
 8 SYSTEMPATH\CodeIgniter.php(361): CodeIgniter\CodeIgniter->handleRequest(null, Object(Config\Cache), false)
 9 FCPATH\index.php(79): CodeIgniter\CodeIgniter->run()
10 SYSTEMPATH\Commands\Server\rewrite.php(47): require_once('C:\\xampp\\htdocs\\dash_mon_dt\\public\\index.php')
CRITICAL - 2024-06-25 02:44:09 --> ErrorException: Undefined variable $bdm
in APPPATH\Views\tampildata.php on line 17.
 1 APPPATH\Views\tampildata.php(17): CodeIgniter\Debug\Exceptions->errorHandler(2, 'Undefined variable $bdm', 'C:\\xampp\\htdocs\\dash_mon_dt\\app\\Views\\tampildata.php', 17)
 2 SYSTEMPATH\View\View.php(228): include('C:\\xampp\\htdocs\\dash_mon_dt\\app\\Views\\tampildata.php')
 3 SYSTEMPATH\View\View.php(231): CodeIgniter\View\View->CodeIgniter\View\{closure}()
 4 SYSTEMPATH\Common.php(1178): CodeIgniter\View\View->render('tampildata', [], true)
 5 APPPATH\Controllers\Equipment.php(93): view('tampildata')
 6 SYSTEMPATH\CodeIgniter.php(941): App\Controllers\Equipment->tampilDataselect()
 7 SYSTEMPATH\CodeIgniter.php(502): CodeIgniter\CodeIgniter->runController(Object(App\Controllers\Equipment))
 8 SYSTEMPATH\CodeIgniter.php(361): CodeIgniter\CodeIgniter->handleRequest(null, Object(Config\Cache), false)
 9 FCPATH\index.php(79): CodeIgniter\CodeIgniter->run()
10 SYSTEMPATH\Commands\Server\rewrite.php(47): require_once('C:\\xampp\\htdocs\\dash_mon_dt\\public\\index.php')
CRITICAL - 2024-06-25 02:46:12 --> ErrorException: Undefined variable $title
in APPPATH\Views\tampildata.php on line 6.
 1 APPPATH\Views\tampildata.php(6): CodeIgniter\Debug\Exceptions->errorHandler(2, 'Undefined variable $title', 'C:\\xampp\\htdocs\\dash_mon_dt\\app\\Views\\tampildata.php', 6)
 2 SYSTEMPATH\View\View.php(228): include('C:\\xampp\\htdocs\\dash_mon_dt\\app\\Views\\tampildata.php')
 3 SYSTEMPATH\View\View.php(231): CodeIgniter\View\View->CodeIgniter\View\{closure}()
 4 SYSTEMPATH\Common.php(1178): CodeIgniter\View\View->render('tampildata', [], true)
 5 APPPATH\Controllers\Equipment.php(93): view('tampildata', [...])
 6 SYSTEMPATH\CodeIgniter.php(941): App\Controllers\Equipment->tampilDataselect()
 7 SYSTEMPATH\CodeIgniter.php(502): CodeIgniter\CodeIgniter->runController(Object(App\Controllers\Equipment))
 8 SYSTEMPATH\CodeIgniter.php(361): CodeIgniter\CodeIgniter->handleRequest(null, Object(Config\Cache), false)
 9 FCPATH\index.php(79): CodeIgniter\CodeIgniter->run()
10 SYSTEMPATH\Commands\Server\rewrite.php(47): require_once('C:\\xampp\\htdocs\\dash_mon_dt\\public\\index.php')
CRITICAL - 2024-06-25 02:46:23 --> ErrorException: Attempt to read property "nolambung" on array
in APPPATH\Views\tampildata.php on line 21.
 1 APPPATH\Views\tampildata.php(21): CodeIgniter\Debug\Exceptions->errorHandler(2, 'Attempt to read property "nolambung" on array', 'C:\\xampp\\htdocs\\dash_mon_dt\\app\\Views\\tampildata.php', 21)
 2 SYSTEMPATH\View\View.php(228): include('C:\\xampp\\htdocs\\dash_mon_dt\\app\\Views\\tampildata.php')
 3 SYSTEMPATH\View\View.php(231): CodeIgniter\View\View->CodeIgniter\View\{closure}()
 4 SYSTEMPATH\Common.php(1178): CodeIgniter\View\View->render('tampildata', [], true)
 5 APPPATH\Controllers\Equipment.php(93): view('tampildata', [...])
 6 SYSTEMPATH\CodeIgniter.php(941): App\Controllers\Equipment->tampilDataselect()
 7 SYSTEMPATH\CodeIgniter.php(502): CodeIgniter\CodeIgniter->runController(Object(App\Controllers\Equipment))
 8 SYSTEMPATH\CodeIgniter.php(361): CodeIgniter\CodeIgniter->handleRequest(null, Object(Config\Cache), false)
 9 FCPATH\index.php(79): CodeIgniter\CodeIgniter->run()
10 SYSTEMPATH\Commands\Server\rewrite.php(47): require_once('C:\\xampp\\htdocs\\dash_mon_dt\\public\\index.php')
CRITICAL - 2024-06-25 03:03:32 --> ErrorException: Undefined variable $data
in APPPATH\Views\tampildata.php on line 38.
 1 APPPATH\Views\tampildata.php(38): CodeIgniter\Debug\Exceptions->errorHandler(2, 'Undefined variable $data', 'C:\\xampp\\htdocs\\dash_mon_dt\\app\\Views\\tampildata.php', 38)
 2 SYSTEMPATH\View\View.php(228): include('C:\\xampp\\htdocs\\dash_mon_dt\\app\\Views\\tampildata.php')
 3 SYSTEMPATH\View\View.php(231): CodeIgniter\View\View->CodeIgniter\View\{closure}()
 4 SYSTEMPATH\Common.php(1178): CodeIgniter\View\View->render('tampildata', [], true)
 5 APPPATH\Controllers\Equipment.php(108): view('tampildata', [...])
 6 SYSTEMPATH\CodeIgniter.php(941): App\Controllers\Equipment->data_dashboard()
 7 SYSTEMPATH\CodeIgniter.php(502): CodeIgniter\CodeIgniter->runController(Object(App\Controllers\Equipment))
 8 SYSTEMPATH\CodeIgniter.php(361): CodeIgniter\CodeIgniter->handleRequest(null, Object(Config\Cache), false)
 9 FCPATH\index.php(79): CodeIgniter\CodeIgniter->run()
10 SYSTEMPATH\Commands\Server\rewrite.php(47): require_once('C:\\xampp\\htdocs\\dash_mon_dt\\public\\index.php')
CRITICAL - 2024-06-25 03:20:42 --> ErrorException: Undefined variable $kkbm
in APPPATH\Views\home.php on line 211.
 1 APPPATH\Views\home.php(211): CodeIgniter\Debug\Exceptions->errorHandler(2, 'Undefined variable $kkbm', 'C:\\xampp\\htdocs\\dash_mon_dt\\app\\Views\\home.php', 211)
 2 SYSTEMPATH\View\View.php(228): include('C:\\xampp\\htdocs\\dash_mon_dt\\app\\Views\\home.php')
 3 SYSTEMPATH\View\View.php(231): CodeIgniter\View\View->CodeIgniter\View\{closure}()
 4 SYSTEMPATH\Common.php(1178): CodeIgniter\View\View->render('home', [], true)
 5 APPPATH\Controllers\Home.php(33): view('home')
 6 SYSTEMPATH\CodeIgniter.php(941): App\Controllers\Home->index()
 7 SYSTEMPATH\CodeIgniter.php(502): CodeIgniter\CodeIgniter->runController(Object(App\Controllers\Home))
 8 SYSTEMPATH\CodeIgniter.php(361): CodeIgniter\CodeIgniter->handleRequest(null, Object(Config\Cache), false)
 9 FCPATH\index.php(79): CodeIgniter\CodeIgniter->run()
10 SYSTEMPATH\Commands\Server\rewrite.php(47): require_once('C:\\xampp\\htdocs\\dash_mon_dt\\public\\index.php')
CRITICAL - 2024-06-25 03:25:09 --> Error: Call to a member function num_rows() on array
in APPPATH\Views\home.php on line 207.
 1 SYSTEMPATH\View\View.php(228): include()
 2 SYSTEMPATH\View\View.php(231): CodeIgniter\View\View->CodeIgniter\View\{closure}()
 3 SYSTEMPATH\Common.php(1178): CodeIgniter\View\View->render('home', [], true)
 4 APPPATH\Controllers\Home.php(33): view('home', [...])
 5 SYSTEMPATH\CodeIgniter.php(941): App\Controllers\Home->index()
 6 SYSTEMPATH\CodeIgniter.php(502): CodeIgniter\CodeIgniter->runController(Object(App\Controllers\Home))
 7 SYSTEMPATH\CodeIgniter.php(361): CodeIgniter\CodeIgniter->handleRequest(null, Object(Config\Cache), false)
 8 FCPATH\index.php(79): CodeIgniter\CodeIgniter->run()
 9 SYSTEMPATH\Commands\Server\rewrite.php(47): require_once('C:\\xampp\\htdocs\\dash_mon_dt\\public\\index.php')
CRITICAL - 2024-06-25 03:27:09 --> ErrorException: Undefined variable $result
in APPPATH\Views\home.php on line 207.
 1 APPPATH\Views\home.php(207): CodeIgniter\Debug\Exceptions->errorHandler(2, 'Undefined variable $result', 'C:\\xampp\\htdocs\\dash_mon_dt\\app\\Views\\home.php', 207)
 2 SYSTEMPATH\View\View.php(228): include('C:\\xampp\\htdocs\\dash_mon_dt\\app\\Views\\home.php')
 3 SYSTEMPATH\View\View.php(231): CodeIgniter\View\View->CodeIgniter\View\{closure}()
 4 SYSTEMPATH\Common.php(1178): CodeIgniter\View\View->render('home', [], true)
 5 APPPATH\Controllers\Home.php(33): view('home', [...])
 6 SYSTEMPATH\CodeIgniter.php(941): App\Controllers\Home->index()
 7 SYSTEMPATH\CodeIgniter.php(502): CodeIgniter\CodeIgniter->runController(Object(App\Controllers\Home))
 8 SYSTEMPATH\CodeIgniter.php(361): CodeIgniter\CodeIgniter->handleRequest(null, Object(Config\Cache), false)
 9 FCPATH\index.php(79): CodeIgniter\CodeIgniter->run()
10 SYSTEMPATH\Commands\Server\rewrite.php(47): require_once('C:\\xampp\\htdocs\\dash_mon_dt\\public\\index.php')
CRITICAL - 2024-06-25 03:29:46 --> ErrorException: Undefined variable $result
in APPPATH\Views\home.php on line 207.
 1 APPPATH\Views\home.php(207): CodeIgniter\Debug\Exceptions->errorHandler(2, 'Undefined variable $result', 'C:\\xampp\\htdocs\\dash_mon_dt\\app\\Views\\home.php', 207)
 2 SYSTEMPATH\View\View.php(228): include('C:\\xampp\\htdocs\\dash_mon_dt\\app\\Views\\home.php')
 3 SYSTEMPATH\View\View.php(231): CodeIgniter\View\View->CodeIgniter\View\{closure}()
 4 SYSTEMPATH\Common.php(1178): CodeIgniter\View\View->render('home', [], true)
 5 APPPATH\Controllers\Home.php(33): view('home', [...])
 6 SYSTEMPATH\CodeIgniter.php(941): App\Controllers\Home->index()
 7 SYSTEMPATH\CodeIgniter.php(502): CodeIgniter\CodeIgniter->runController(Object(App\Controllers\Home))
 8 SYSTEMPATH\CodeIgniter.php(361): CodeIgniter\CodeIgniter->handleRequest(null, Object(Config\Cache), false)
 9 FCPATH\index.php(79): CodeIgniter\CodeIgniter->run()
10 SYSTEMPATH\Commands\Server\rewrite.php(47): require_once('C:\\xampp\\htdocs\\dash_mon_dt\\public\\index.php')
