CRITICAL - 2024-07-03 02:14:49 --> CodeIgniter\View\Exceptions\ViewException: Invalid file: "getview.php"
in SYSTEMPATH\Exceptions\FrameworkException.php on line 39.
 1 SYSTEMPATH\View\View.php(216): CodeIgniter\Exceptions\FrameworkException::forInvalidFile('getview.php')
 2 SYSTEMPATH\Common.php(1178): CodeIgniter\View\View->render('getview', [], true)
 3 APPPATH\Controllers\Param.php(53): view('getview', [...])
 4 SYSTEMPATH\CodeIgniter.php(941): App\Controllers\Param->getview('asdajdhas')
 5 SYSTEMPATH\CodeIgniter.php(502): CodeIgniter\CodeIgniter->runController(Object(App\Controllers\Param))
 6 SYSTEMPATH\CodeIgniter.php(361): CodeIgniter\CodeIgniter->handleRequest(null, Object(Config\Cache), false)
 7 FCPATH\index.php(79): CodeIgniter\CodeIgniter->run()
 8 SYSTEMPATH\Commands\Server\rewrite.php(47): require_once('C:\\xampp\\htdocs\\dash_mon_dt\\public\\index.php')
CRITICAL - 2024-07-03 04:09:50 --> ArgumentCountError: Too few arguments to function App\Controllers\Param::home2(), 0 passed in C:\xampp\htdocs\dash_mon_dt\system\CodeIgniter.php on line 941 and exactly 1 expected
in APPPATH\Controllers\Param.php on line 56.
 1 SYSTEMPATH\CodeIgniter.php(941): App\Controllers\Param->home2()
 2 SYSTEMPATH\CodeIgniter.php(502): CodeIgniter\CodeIgniter->runController(Object(App\Controllers\Param))
 3 SYSTEMPATH\CodeIgniter.php(361): CodeIgniter\CodeIgniter->handleRequest(null, Object(Config\Cache), false)
 4 FCPATH\index.php(79): CodeIgniter\CodeIgniter->run()
 5 SYSTEMPATH\Commands\Server\rewrite.php(47): require_once('C:\\xampp\\htdocs\\dash_mon_dt\\public\\index.php')
CRITICAL - 2024-07-03 04:11:24 --> ArgumentCountError: Too few arguments to function App\Controllers\Param::home2(), 0 passed in C:\xampp\htdocs\dash_mon_dt\system\CodeIgniter.php on line 941 and exactly 1 expected
in APPPATH\Controllers\Param.php on line 56.
 1 SYSTEMPATH\CodeIgniter.php(941): App\Controllers\Param->home2()
 2 SYSTEMPATH\CodeIgniter.php(502): CodeIgniter\CodeIgniter->runController(Object(App\Controllers\Param))
 3 SYSTEMPATH\CodeIgniter.php(361): CodeIgniter\CodeIgniter->handleRequest(null, Object(Config\Cache), false)
 4 FCPATH\index.php(79): CodeIgniter\CodeIgniter->run()
 5 SYSTEMPATH\Commands\Server\rewrite.php(47): require_once('C:\\xampp\\htdocs\\dash_mon_dt\\public\\index.php')
CRITICAL - 2024-07-03 04:14:19 --> ArgumentCountError: Too few arguments to function App\Controllers\Param::home2(), 0 passed in C:\xampp\htdocs\dash_mon_dt\system\CodeIgniter.php on line 941 and exactly 1 expected
in APPPATH\Controllers\Param.php on line 56.
 1 SYSTEMPATH\CodeIgniter.php(941): App\Controllers\Param->home2()
 2 SYSTEMPATH\CodeIgniter.php(502): CodeIgniter\CodeIgniter->runController(Object(App\Controllers\Param))
 3 SYSTEMPATH\CodeIgniter.php(361): CodeIgniter\CodeIgniter->handleRequest(null, Object(Config\Cache), false)
 4 FCPATH\index.php(79): CodeIgniter\CodeIgniter->run()
 5 SYSTEMPATH\Commands\Server\rewrite.php(47): require_once('C:\\xampp\\htdocs\\dash_mon_dt\\public\\index.php')
CRITICAL - 2024-07-03 04:15:01 --> ArgumentCountError: Too few arguments to function App\Controllers\Param::home2(), 0 passed in C:\xampp\htdocs\dash_mon_dt\system\CodeIgniter.php on line 941 and exactly 1 expected
in APPPATH\Controllers\Param.php on line 56.
 1 SYSTEMPATH\CodeIgniter.php(941): App\Controllers\Param->home2()
 2 SYSTEMPATH\CodeIgniter.php(502): CodeIgniter\CodeIgniter->runController(Object(App\Controllers\Param))
 3 SYSTEMPATH\CodeIgniter.php(361): CodeIgniter\CodeIgniter->handleRequest(null, Object(Config\Cache), false)
 4 FCPATH\index.php(79): CodeIgniter\CodeIgniter->run()
 5 SYSTEMPATH\Commands\Server\rewrite.php(47): require_once('C:\\xampp\\htdocs\\dash_mon_dt\\public\\index.php')
CRITICAL - 2024-07-03 04:15:04 --> ArgumentCountError: Too few arguments to function App\Controllers\Param::home2(), 0 passed in C:\xampp\htdocs\dash_mon_dt\system\CodeIgniter.php on line 941 and exactly 1 expected
in APPPATH\Controllers\Param.php on line 56.
 1 SYSTEMPATH\CodeIgniter.php(941): App\Controllers\Param->home2()
 2 SYSTEMPATH\CodeIgniter.php(502): CodeIgniter\CodeIgniter->runController(Object(App\Controllers\Param))
 3 SYSTEMPATH\CodeIgniter.php(361): CodeIgniter\CodeIgniter->handleRequest(null, Object(Config\Cache), false)
 4 FCPATH\index.php(79): CodeIgniter\CodeIgniter->run()
 5 SYSTEMPATH\Commands\Server\rewrite.php(47): require_once('C:\\xampp\\htdocs\\dash_mon_dt\\public\\index.php')
CRITICAL - 2024-07-03 04:15:06 --> ArgumentCountError: Too few arguments to function App\Controllers\Param::home2(), 0 passed in C:\xampp\htdocs\dash_mon_dt\system\CodeIgniter.php on line 941 and exactly 1 expected
in APPPATH\Controllers\Param.php on line 56.
 1 SYSTEMPATH\CodeIgniter.php(941): App\Controllers\Param->home2()
 2 SYSTEMPATH\CodeIgniter.php(502): CodeIgniter\CodeIgniter->runController(Object(App\Controllers\Param))
 3 SYSTEMPATH\CodeIgniter.php(361): CodeIgniter\CodeIgniter->handleRequest(null, Object(Config\Cache), false)
 4 FCPATH\index.php(79): CodeIgniter\CodeIgniter->run()
 5 SYSTEMPATH\Commands\Server\rewrite.php(47): require_once('C:\\xampp\\htdocs\\dash_mon_dt\\public\\index.php')
CRITICAL - 2024-07-03 04:18:55 --> ArgumentCountError: Too few arguments to function App\Controllers\Param::home2(), 0 passed in C:\xampp\htdocs\dash_mon_dt\system\CodeIgniter.php on line 941 and exactly 1 expected
in APPPATH\Controllers\Param.php on line 56.
 1 SYSTEMPATH\CodeIgniter.php(941): App\Controllers\Param->home2()
 2 SYSTEMPATH\CodeIgniter.php(502): CodeIgniter\CodeIgniter->runController(Object(App\Controllers\Param))
 3 SYSTEMPATH\CodeIgniter.php(361): CodeIgniter\CodeIgniter->handleRequest(null, Object(Config\Cache), false)
 4 FCPATH\index.php(79): CodeIgniter\CodeIgniter->run()
 5 SYSTEMPATH\Commands\Server\rewrite.php(47): require_once('C:\\xampp\\htdocs\\dash_mon_dt\\public\\index.php')
CRITICAL - 2024-07-03 04:31:26 --> ErrorException: Undefined array key "status"
in APPPATH\Controllers\Param.php on line 34.
 1 APPPATH\Controllers\Param.php(34): CodeIgniter\Debug\Exceptions->errorHandler(2, 'Undefined array key "status"', 'C:\\xampp\\htdocs\\dash_mon_dt\\app\\Controllers\\Param.php', 34)
 2 SYSTEMPATH\CodeIgniter.php(941): App\Controllers\Param->tampil_id()
 3 SYSTEMPATH\CodeIgniter.php(502): CodeIgniter\CodeIgniter->runController(Object(App\Controllers\Param))
 4 SYSTEMPATH\CodeIgniter.php(361): CodeIgniter\CodeIgniter->handleRequest(null, Object(Config\Cache), false)
 5 FCPATH\index.php(79): CodeIgniter\CodeIgniter->run()
 6 SYSTEMPATH\Commands\Server\rewrite.php(47): require_once('C:\\xampp\\htdocs\\dash_mon_dt\\public\\index.php')
CRITICAL - 2024-07-03 04:33:29 --> ErrorException: Undefined array key "id"
in APPPATH\Views\getparam.php on line 17.
 1 APPPATH\Views\getparam.php(17): CodeIgniter\Debug\Exceptions->errorHandler(2, 'Undefined array key "id"', 'C:\\xampp\\htdocs\\dash_mon_dt\\app\\Views\\getparam.php', 17)
 2 SYSTEMPATH\View\View.php(228): include('C:\\xampp\\htdocs\\dash_mon_dt\\app\\Views\\getparam.php')
 3 SYSTEMPATH\View\View.php(231): CodeIgniter\View\View->CodeIgniter\View\{closure}()
 4 SYSTEMPATH\Common.php(1178): CodeIgniter\View\View->render('getparam', [], true)
 5 APPPATH\Controllers\Param.php(12): view('getparam', [...])
 6 SYSTEMPATH\CodeIgniter.php(941): App\Controllers\Param->index()
 7 SYSTEMPATH\CodeIgniter.php(502): CodeIgniter\CodeIgniter->runController(Object(App\Controllers\Param))
 8 SYSTEMPATH\CodeIgniter.php(361): CodeIgniter\CodeIgniter->handleRequest(null, Object(Config\Cache), false)
 9 FCPATH\index.php(79): CodeIgniter\CodeIgniter->run()
10 SYSTEMPATH\Commands\Server\rewrite.php(47): require_once('C:\\xampp\\htdocs\\dash_mon_dt\\public\\index.php')
