CRITICAL - 2024-06-26 02:59:52 --> CodeIgniter\View\Exceptions\ViewException: Invalid file: "chart.php"
in SYSTEMPATH\Exceptions\FrameworkException.php on line 39.
 1 SYSTEMPATH\View\View.php(216): CodeIgniter\Exceptions\FrameworkException::forInvalidFile('chart.php')
 2 SYSTEMPATH\Common.php(1178): CodeIgniter\View\View->render('chart', [], true)
 3 APPPATH\Controllers\Equipment.php(119): view('chart', [...])
 4 SYSTEMPATH\CodeIgniter.php(941): App\Controllers\Equipment->jum_data_status()
 5 SYSTEMPATH\CodeIgniter.php(502): CodeIgniter\CodeIgniter->runController(Object(App\Controllers\Equipment))
 6 SYSTEMPATH\CodeIgniter.php(361): CodeIgniter\CodeIgniter->handleRequest(null, Object(Config\Cache), false)
 7 FCPATH\index.php(79): CodeIgniter\CodeIgniter->run()
 8 SYSTEMPATH\Commands\Server\rewrite.php(47): require_once('C:\\xampp\\htdocs\\dash_mon_dt\\public\\index.php')
CRITICAL - 2024-06-26 03:00:23 --> ErrorException: Undefined variable $kkbm
in APPPATH\Views\chart.php on line 211.
 1 APPPATH\Views\chart.php(211): CodeIgniter\Debug\Exceptions->errorHandler(2, 'Undefined variable $kkbm', 'C:\\xampp\\htdocs\\dash_mon_dt\\app\\Views\\chart.php', 211)
 2 SYSTEMPATH\View\View.php(228): include('C:\\xampp\\htdocs\\dash_mon_dt\\app\\Views\\chart.php')
 3 SYSTEMPATH\View\View.php(231): CodeIgniter\View\View->CodeIgniter\View\{closure}()
 4 SYSTEMPATH\Common.php(1178): CodeIgniter\View\View->render('chart', [], true)
 5 APPPATH\Controllers\Equipment.php(119): view('chart', [...])
 6 SYSTEMPATH\CodeIgniter.php(941): App\Controllers\Equipment->jum_data_status()
 7 SYSTEMPATH\CodeIgniter.php(502): CodeIgniter\CodeIgniter->runController(Object(App\Controllers\Equipment))
 8 SYSTEMPATH\CodeIgniter.php(361): CodeIgniter\CodeIgniter->handleRequest(null, Object(Config\Cache), false)
 9 FCPATH\index.php(79): CodeIgniter\CodeIgniter->run()
10 SYSTEMPATH\Commands\Server\rewrite.php(47): require_once('C:\\xampp\\htdocs\\dash_mon_dt\\public\\index.php')
CRITICAL - 2024-06-26 03:04:22 --> ErrorException: Array to string conversion
in APPPATH\Views\chart.php on line 4.
 1 APPPATH\Views\chart.php(4): CodeIgniter\Debug\Exceptions->errorHandler(2, 'Array to string conversion', 'C:\\xampp\\htdocs\\dash_mon_dt\\app\\Views\\chart.php', 4)
 2 SYSTEMPATH\View\View.php(228): include('C:\\xampp\\htdocs\\dash_mon_dt\\app\\Views\\chart.php')
 3 SYSTEMPATH\View\View.php(231): CodeIgniter\View\View->CodeIgniter\View\{closure}()
 4 SYSTEMPATH\Common.php(1178): CodeIgniter\View\View->render('chart', [], true)
 5 APPPATH\Controllers\Equipment.php(140): view('chart', [...])
 6 SYSTEMPATH\CodeIgniter.php(941): App\Controllers\Equipment->jum_data_status()
 7 SYSTEMPATH\CodeIgniter.php(502): CodeIgniter\CodeIgniter->runController(Object(App\Controllers\Equipment))
 8 SYSTEMPATH\CodeIgniter.php(361): CodeIgniter\CodeIgniter->handleRequest(null, Object(Config\Cache), false)
 9 FCPATH\index.php(79): CodeIgniter\CodeIgniter->run()
10 SYSTEMPATH\Commands\Server\rewrite.php(47): require_once('C:\\xampp\\htdocs\\dash_mon_dt\\public\\index.php')
CRITICAL - 2024-06-26 03:04:48 --> ErrorException: Array to string conversion
in APPPATH\Views\chart.php on line 4.
 1 APPPATH\Views\chart.php(4): CodeIgniter\Debug\Exceptions->errorHandler(2, 'Array to string conversion', 'C:\\xampp\\htdocs\\dash_mon_dt\\app\\Views\\chart.php', 4)
 2 SYSTEMPATH\View\View.php(228): include('C:\\xampp\\htdocs\\dash_mon_dt\\app\\Views\\chart.php')
 3 SYSTEMPATH\View\View.php(231): CodeIgniter\View\View->CodeIgniter\View\{closure}()
 4 SYSTEMPATH\Common.php(1178): CodeIgniter\View\View->render('chart', [], true)
 5 APPPATH\Controllers\Equipment.php(140): view('chart', [...])
 6 SYSTEMPATH\CodeIgniter.php(941): App\Controllers\Equipment->jum_data_status()
 7 SYSTEMPATH\CodeIgniter.php(502): CodeIgniter\CodeIgniter->runController(Object(App\Controllers\Equipment))
 8 SYSTEMPATH\CodeIgniter.php(361): CodeIgniter\CodeIgniter->handleRequest(null, Object(Config\Cache), false)
 9 FCPATH\index.php(79): CodeIgniter\CodeIgniter->run()
10 SYSTEMPATH\Commands\Server\rewrite.php(47): require_once('C:\\xampp\\htdocs\\dash_mon_dt\\public\\index.php')
CRITICAL - 2024-06-26 03:05:05 --> ErrorException: Array to string conversion
in APPPATH\Views\chart.php on line 4.
 1 APPPATH\Views\chart.php(4): CodeIgniter\Debug\Exceptions->errorHandler(2, 'Array to string conversion', 'C:\\xampp\\htdocs\\dash_mon_dt\\app\\Views\\chart.php', 4)
 2 SYSTEMPATH\View\View.php(228): include('C:\\xampp\\htdocs\\dash_mon_dt\\app\\Views\\chart.php')
 3 SYSTEMPATH\View\View.php(231): CodeIgniter\View\View->CodeIgniter\View\{closure}()
 4 SYSTEMPATH\Common.php(1178): CodeIgniter\View\View->render('chart', [], true)
 5 APPPATH\Controllers\Equipment.php(140): view('chart', [...])
 6 SYSTEMPATH\CodeIgniter.php(941): App\Controllers\Equipment->jum_data_status()
 7 SYSTEMPATH\CodeIgniter.php(502): CodeIgniter\CodeIgniter->runController(Object(App\Controllers\Equipment))
 8 SYSTEMPATH\CodeIgniter.php(361): CodeIgniter\CodeIgniter->handleRequest(null, Object(Config\Cache), false)
 9 FCPATH\index.php(79): CodeIgniter\CodeIgniter->run()
10 SYSTEMPATH\Commands\Server\rewrite.php(47): require_once('C:\\xampp\\htdocs\\dash_mon_dt\\public\\index.php')
CRITICAL - 2024-06-26 03:06:28 --> ErrorException: Array to string conversion
in APPPATH\Views\chart.php on line 31.
 1 APPPATH\Views\chart.php(31): CodeIgniter\Debug\Exceptions->errorHandler(2, 'Array to string conversion', 'C:\\xampp\\htdocs\\dash_mon_dt\\app\\Views\\chart.php', 31)
 2 SYSTEMPATH\View\View.php(228): include('C:\\xampp\\htdocs\\dash_mon_dt\\app\\Views\\chart.php')
 3 SYSTEMPATH\View\View.php(231): CodeIgniter\View\View->CodeIgniter\View\{closure}()
 4 SYSTEMPATH\Common.php(1178): CodeIgniter\View\View->render('chart', [], true)
 5 APPPATH\Controllers\Equipment.php(140): view('chart', [...])
 6 SYSTEMPATH\CodeIgniter.php(941): App\Controllers\Equipment->jum_data_status()
 7 SYSTEMPATH\CodeIgniter.php(502): CodeIgniter\CodeIgniter->runController(Object(App\Controllers\Equipment))
 8 SYSTEMPATH\CodeIgniter.php(361): CodeIgniter\CodeIgniter->handleRequest(null, Object(Config\Cache), false)
 9 FCPATH\index.php(79): CodeIgniter\CodeIgniter->run()
10 SYSTEMPATH\Commands\Server\rewrite.php(47): require_once('C:\\xampp\\htdocs\\dash_mon_dt\\public\\index.php')
CRITICAL - 2024-06-26 03:09:05 --> ErrorException: Array to string conversion
in APPPATH\Views\chart.php on line 33.
 1 APPPATH\Views\chart.php(33): CodeIgniter\Debug\Exceptions->errorHandler(2, 'Array to string conversion', 'C:\\xampp\\htdocs\\dash_mon_dt\\app\\Views\\chart.php', 33)
 2 SYSTEMPATH\View\View.php(228): include('C:\\xampp\\htdocs\\dash_mon_dt\\app\\Views\\chart.php')
 3 SYSTEMPATH\View\View.php(231): CodeIgniter\View\View->CodeIgniter\View\{closure}()
 4 SYSTEMPATH\Common.php(1178): CodeIgniter\View\View->render('chart', [], true)
 5 APPPATH\Controllers\Equipment.php(140): view('chart', [...])
 6 SYSTEMPATH\CodeIgniter.php(941): App\Controllers\Equipment->jum_data_status()
 7 SYSTEMPATH\CodeIgniter.php(502): CodeIgniter\CodeIgniter->runController(Object(App\Controllers\Equipment))
 8 SYSTEMPATH\CodeIgniter.php(361): CodeIgniter\CodeIgniter->handleRequest(null, Object(Config\Cache), false)
 9 FCPATH\index.php(79): CodeIgniter\CodeIgniter->run()
10 SYSTEMPATH\Commands\Server\rewrite.php(47): require_once('C:\\xampp\\htdocs\\dash_mon_dt\\public\\index.php')
CRITICAL - 2024-06-26 03:09:14 --> ErrorException: Array to string conversion
in APPPATH\Views\chart.php on line 33.
 1 APPPATH\Views\chart.php(33): CodeIgniter\Debug\Exceptions->errorHandler(2, 'Array to string conversion', 'C:\\xampp\\htdocs\\dash_mon_dt\\app\\Views\\chart.php', 33)
 2 SYSTEMPATH\View\View.php(228): include('C:\\xampp\\htdocs\\dash_mon_dt\\app\\Views\\chart.php')
 3 SYSTEMPATH\View\View.php(231): CodeIgniter\View\View->CodeIgniter\View\{closure}()
 4 SYSTEMPATH\Common.php(1178): CodeIgniter\View\View->render('chart', [], true)
 5 APPPATH\Controllers\Equipment.php(140): view('chart', [...])
 6 SYSTEMPATH\CodeIgniter.php(941): App\Controllers\Equipment->jum_data_status()
 7 SYSTEMPATH\CodeIgniter.php(502): CodeIgniter\CodeIgniter->runController(Object(App\Controllers\Equipment))
 8 SYSTEMPATH\CodeIgniter.php(361): CodeIgniter\CodeIgniter->handleRequest(null, Object(Config\Cache), false)
 9 FCPATH\index.php(79): CodeIgniter\CodeIgniter->run()
10 SYSTEMPATH\Commands\Server\rewrite.php(47): require_once('C:\\xampp\\htdocs\\dash_mon_dt\\public\\index.php')
CRITICAL - 2024-06-26 03:09:42 --> ParseError: syntax error, unexpected token ";"
in APPPATH\Views\chart.php on line 4.
 1 SYSTEMPATH\View\View.php(231): CodeIgniter\View\View->CodeIgniter\View\{closure}()
 2 SYSTEMPATH\Common.php(1178): CodeIgniter\View\View->render('chart', [], true)
 3 APPPATH\Controllers\Equipment.php(140): view('chart', [...])
 4 SYSTEMPATH\CodeIgniter.php(941): App\Controllers\Equipment->jum_data_status()
 5 SYSTEMPATH\CodeIgniter.php(502): CodeIgniter\CodeIgniter->runController(Object(App\Controllers\Equipment))
 6 SYSTEMPATH\CodeIgniter.php(361): CodeIgniter\CodeIgniter->handleRequest(null, Object(Config\Cache), false)
 7 FCPATH\index.php(79): CodeIgniter\CodeIgniter->run()
 8 SYSTEMPATH\Commands\Server\rewrite.php(47): require_once('C:\\xampp\\htdocs\\dash_mon_dt\\public\\index.php')
CRITICAL - 2024-06-26 03:10:51 --> ErrorException: Array to string conversion
in APPPATH\Views\chart.php on line 5.
 1 APPPATH\Views\chart.php(5): CodeIgniter\Debug\Exceptions->errorHandler(2, 'Array to string conversion', 'C:\\xampp\\htdocs\\dash_mon_dt\\app\\Views\\chart.php', 5)
 2 SYSTEMPATH\View\View.php(228): include('C:\\xampp\\htdocs\\dash_mon_dt\\app\\Views\\chart.php')
 3 SYSTEMPATH\View\View.php(231): CodeIgniter\View\View->CodeIgniter\View\{closure}()
 4 SYSTEMPATH\Common.php(1178): CodeIgniter\View\View->render('chart', [], true)
 5 APPPATH\Controllers\Equipment.php(140): view('chart', [...])
 6 SYSTEMPATH\CodeIgniter.php(941): App\Controllers\Equipment->jum_data_status()
 7 SYSTEMPATH\CodeIgniter.php(502): CodeIgniter\CodeIgniter->runController(Object(App\Controllers\Equipment))
 8 SYSTEMPATH\CodeIgniter.php(361): CodeIgniter\CodeIgniter->handleRequest(null, Object(Config\Cache), false)
 9 FCPATH\index.php(79): CodeIgniter\CodeIgniter->run()
10 SYSTEMPATH\Commands\Server\rewrite.php(47): require_once('C:\\xampp\\htdocs\\dash_mon_dt\\public\\index.php')
CRITICAL - 2024-06-26 03:11:21 --> ErrorException: Undefined array key "id_project"
in APPPATH\Views\chart.php on line 5.
 1 APPPATH\Views\chart.php(5): CodeIgniter\Debug\Exceptions->errorHandler(2, 'Undefined array key "id_project"', 'C:\\xampp\\htdocs\\dash_mon_dt\\app\\Views\\chart.php', 5)
 2 SYSTEMPATH\View\View.php(228): include('C:\\xampp\\htdocs\\dash_mon_dt\\app\\Views\\chart.php')
 3 SYSTEMPATH\View\View.php(231): CodeIgniter\View\View->CodeIgniter\View\{closure}()
 4 SYSTEMPATH\Common.php(1178): CodeIgniter\View\View->render('chart', [], true)
 5 APPPATH\Controllers\Equipment.php(140): view('chart', [...])
 6 SYSTEMPATH\CodeIgniter.php(941): App\Controllers\Equipment->jum_data_status()
 7 SYSTEMPATH\CodeIgniter.php(502): CodeIgniter\CodeIgniter->runController(Object(App\Controllers\Equipment))
 8 SYSTEMPATH\CodeIgniter.php(361): CodeIgniter\CodeIgniter->handleRequest(null, Object(Config\Cache), false)
 9 FCPATH\index.php(79): CodeIgniter\CodeIgniter->run()
10 SYSTEMPATH\Commands\Server\rewrite.php(47): require_once('C:\\xampp\\htdocs\\dash_mon_dt\\public\\index.php')
CRITICAL - 2024-06-26 03:11:51 --> ErrorException: Undefined array key "total"
in APPPATH\Views\chart.php on line 5.
 1 APPPATH\Views\chart.php(5): CodeIgniter\Debug\Exceptions->errorHandler(2, 'Undefined array key "total"', 'C:\\xampp\\htdocs\\dash_mon_dt\\app\\Views\\chart.php', 5)
 2 SYSTEMPATH\View\View.php(228): include('C:\\xampp\\htdocs\\dash_mon_dt\\app\\Views\\chart.php')
 3 SYSTEMPATH\View\View.php(231): CodeIgniter\View\View->CodeIgniter\View\{closure}()
 4 SYSTEMPATH\Common.php(1178): CodeIgniter\View\View->render('chart', [], true)
 5 APPPATH\Controllers\Equipment.php(140): view('chart', [...])
 6 SYSTEMPATH\CodeIgniter.php(941): App\Controllers\Equipment->jum_data_status()
 7 SYSTEMPATH\CodeIgniter.php(502): CodeIgniter\CodeIgniter->runController(Object(App\Controllers\Equipment))
 8 SYSTEMPATH\CodeIgniter.php(361): CodeIgniter\CodeIgniter->handleRequest(null, Object(Config\Cache), false)
 9 FCPATH\index.php(79): CodeIgniter\CodeIgniter->run()
10 SYSTEMPATH\Commands\Server\rewrite.php(47): require_once('C:\\xampp\\htdocs\\dash_mon_dt\\public\\index.php')
CRITICAL - 2024-06-26 03:12:38 --> ParseError: syntax error, unexpected token ";"
in APPPATH\Views\chart.php on line 5.
 1 SYSTEMPATH\View\View.php(231): CodeIgniter\View\View->CodeIgniter\View\{closure}()
 2 SYSTEMPATH\Common.php(1178): CodeIgniter\View\View->render('chart', [], true)
 3 APPPATH\Controllers\Equipment.php(140): view('chart', [...])
 4 SYSTEMPATH\CodeIgniter.php(941): App\Controllers\Equipment->jum_data_status()
 5 SYSTEMPATH\CodeIgniter.php(502): CodeIgniter\CodeIgniter->runController(Object(App\Controllers\Equipment))
 6 SYSTEMPATH\CodeIgniter.php(361): CodeIgniter\CodeIgniter->handleRequest(null, Object(Config\Cache), false)
 7 FCPATH\index.php(79): CodeIgniter\CodeIgniter->run()
 8 SYSTEMPATH\Commands\Server\rewrite.php(47): require_once('C:\\xampp\\htdocs\\dash_mon_dt\\public\\index.php')
CRITICAL - 2024-06-26 03:26:41 --> ErrorException: Undefined variable $data6
in APPPATH\Controllers\Equipment.php on line 145.
 1 APPPATH\Controllers\Equipment.php(145): CodeIgniter\Debug\Exceptions->errorHandler(2, 'Undefined variable $data6', 'C:\\xampp\\htdocs\\dash_mon_dt\\app\\Controllers\\Equipment.php', 145)
 2 SYSTEMPATH\CodeIgniter.php(941): App\Controllers\Equipment->jum_data_status()
 3 SYSTEMPATH\CodeIgniter.php(502): CodeIgniter\CodeIgniter->runController(Object(App\Controllers\Equipment))
 4 SYSTEMPATH\CodeIgniter.php(361): CodeIgniter\CodeIgniter->handleRequest(null, Object(Config\Cache), false)
 5 FCPATH\index.php(79): CodeIgniter\CodeIgniter->run()
 6 SYSTEMPATH\Commands\Server\rewrite.php(47): require_once('C:\\xampp\\htdocs\\dash_mon_dt\\public\\index.php')
CRITICAL - 2024-06-26 03:46:45 --> ErrorException: Undefined variable $data5
in APPPATH\Controllers\Equipment.php on line 151.
 1 APPPATH\Controllers\Equipment.php(151): CodeIgniter\Debug\Exceptions->errorHandler(2, 'Undefined variable $data5', 'C:\\xampp\\htdocs\\dash_mon_dt\\app\\Controllers\\Equipment.php', 151)
 2 SYSTEMPATH\CodeIgniter.php(941): App\Controllers\Equipment->jum_data_status()
 3 SYSTEMPATH\CodeIgniter.php(502): CodeIgniter\CodeIgniter->runController(Object(App\Controllers\Equipment))
 4 SYSTEMPATH\CodeIgniter.php(361): CodeIgniter\CodeIgniter->handleRequest(null, Object(Config\Cache), false)
 5 FCPATH\index.php(79): CodeIgniter\CodeIgniter->run()
 6 SYSTEMPATH\Commands\Server\rewrite.php(47): require_once('C:\\xampp\\htdocs\\dash_mon_dt\\public\\index.php')
CRITICAL - 2024-06-26 03:47:07 --> ErrorException: Undefined variable $chartdata
in APPPATH\Views\chart.php on line 32.
 1 APPPATH\Views\chart.php(32): CodeIgniter\Debug\Exceptions->errorHandler(2, 'Undefined variable $chartdata', 'C:\\xampp\\htdocs\\dash_mon_dt\\app\\Views\\chart.php', 32)
 2 SYSTEMPATH\View\View.php(228): include('C:\\xampp\\htdocs\\dash_mon_dt\\app\\Views\\chart.php')
 3 SYSTEMPATH\View\View.php(231): CodeIgniter\View\View->CodeIgniter\View\{closure}()
 4 SYSTEMPATH\Common.php(1178): CodeIgniter\View\View->render('chart', [], true)
 5 APPPATH\Controllers\Equipment.php(158): view('chart', [...])
 6 SYSTEMPATH\CodeIgniter.php(941): App\Controllers\Equipment->jum_data_status()
 7 SYSTEMPATH\CodeIgniter.php(502): CodeIgniter\CodeIgniter->runController(Object(App\Controllers\Equipment))
 8 SYSTEMPATH\CodeIgniter.php(361): CodeIgniter\CodeIgniter->handleRequest(null, Object(Config\Cache), false)
 9 FCPATH\index.php(79): CodeIgniter\CodeIgniter->run()
10 SYSTEMPATH\Commands\Server\rewrite.php(47): require_once('C:\\xampp\\htdocs\\dash_mon_dt\\public\\index.php')
CRITICAL - 2024-06-26 03:48:00 --> ErrorException: Undefined variable $data_acc
in APPPATH\Views\chart.php on line 32.
 1 APPPATH\Views\chart.php(32): CodeIgniter\Debug\Exceptions->errorHandler(2, 'Undefined variable $data_acc', 'C:\\xampp\\htdocs\\dash_mon_dt\\app\\Views\\chart.php', 32)
 2 SYSTEMPATH\View\View.php(228): include('C:\\xampp\\htdocs\\dash_mon_dt\\app\\Views\\chart.php')
 3 SYSTEMPATH\View\View.php(231): CodeIgniter\View\View->CodeIgniter\View\{closure}()
 4 SYSTEMPATH\Common.php(1178): CodeIgniter\View\View->render('chart', [], true)
 5 APPPATH\Controllers\Equipment.php(158): view('chart', [...])
 6 SYSTEMPATH\CodeIgniter.php(941): App\Controllers\Equipment->jum_data_status()
 7 SYSTEMPATH\CodeIgniter.php(502): CodeIgniter\CodeIgniter->runController(Object(App\Controllers\Equipment))
 8 SYSTEMPATH\CodeIgniter.php(361): CodeIgniter\CodeIgniter->handleRequest(null, Object(Config\Cache), false)
 9 FCPATH\index.php(79): CodeIgniter\CodeIgniter->run()
10 SYSTEMPATH\Commands\Server\rewrite.php(47): require_once('C:\\xampp\\htdocs\\dash_mon_dt\\public\\index.php')
CRITICAL - 2024-06-26 03:48:28 --> ErrorException: Array to string conversion
in APPPATH\Views\chart.php on line 32.
 1 APPPATH\Views\chart.php(32): CodeIgniter\Debug\Exceptions->errorHandler(2, 'Array to string conversion', 'C:\\xampp\\htdocs\\dash_mon_dt\\app\\Views\\chart.php', 32)
 2 SYSTEMPATH\View\View.php(228): include('C:\\xampp\\htdocs\\dash_mon_dt\\app\\Views\\chart.php')
 3 SYSTEMPATH\View\View.php(231): CodeIgniter\View\View->CodeIgniter\View\{closure}()
 4 SYSTEMPATH\Common.php(1178): CodeIgniter\View\View->render('chart', [], true)
 5 APPPATH\Controllers\Equipment.php(158): view('chart', [...])
 6 SYSTEMPATH\CodeIgniter.php(941): App\Controllers\Equipment->jum_data_status()
 7 SYSTEMPATH\CodeIgniter.php(502): CodeIgniter\CodeIgniter->runController(Object(App\Controllers\Equipment))
 8 SYSTEMPATH\CodeIgniter.php(361): CodeIgniter\CodeIgniter->handleRequest(null, Object(Config\Cache), false)
 9 FCPATH\index.php(79): CodeIgniter\CodeIgniter->run()
10 SYSTEMPATH\Commands\Server\rewrite.php(47): require_once('C:\\xampp\\htdocs\\dash_mon_dt\\public\\index.php')
CRITICAL - 2024-06-26 03:49:10 --> ErrorException: Undefined variable $chartdata
in APPPATH\Views\chart.php on line 32.
 1 APPPATH\Views\chart.php(32): CodeIgniter\Debug\Exceptions->errorHandler(2, 'Undefined variable $chartdata', 'C:\\xampp\\htdocs\\dash_mon_dt\\app\\Views\\chart.php', 32)
 2 SYSTEMPATH\View\View.php(228): include('C:\\xampp\\htdocs\\dash_mon_dt\\app\\Views\\chart.php')
 3 SYSTEMPATH\View\View.php(231): CodeIgniter\View\View->CodeIgniter\View\{closure}()
 4 SYSTEMPATH\Common.php(1178): CodeIgniter\View\View->render('chart', [], true)
 5 APPPATH\Controllers\Equipment.php(158): view('chart', [...])
 6 SYSTEMPATH\CodeIgniter.php(941): App\Controllers\Equipment->jum_data_status()
 7 SYSTEMPATH\CodeIgniter.php(502): CodeIgniter\CodeIgniter->runController(Object(App\Controllers\Equipment))
 8 SYSTEMPATH\CodeIgniter.php(361): CodeIgniter\CodeIgniter->handleRequest(null, Object(Config\Cache), false)
 9 FCPATH\index.php(79): CodeIgniter\CodeIgniter->run()
10 SYSTEMPATH\Commands\Server\rewrite.php(47): require_once('C:\\xampp\\htdocs\\dash_mon_dt\\public\\index.php')
CRITICAL - 2024-06-26 03:49:47 --> ErrorException: Undefined array key "accident"
in APPPATH\Views\chart.php on line 33.
 1 APPPATH\Views\chart.php(33): CodeIgniter\Debug\Exceptions->errorHandler(2, 'Undefined array key "accident"', 'C:\\xampp\\htdocs\\dash_mon_dt\\app\\Views\\chart.php', 33)
 2 SYSTEMPATH\View\View.php(228): include('C:\\xampp\\htdocs\\dash_mon_dt\\app\\Views\\chart.php')
 3 SYSTEMPATH\View\View.php(231): CodeIgniter\View\View->CodeIgniter\View\{closure}()
 4 SYSTEMPATH\Common.php(1178): CodeIgniter\View\View->render('chart', [], true)
 5 APPPATH\Controllers\Equipment.php(158): view('chart', [...])
 6 SYSTEMPATH\CodeIgniter.php(941): App\Controllers\Equipment->jum_data_status()
 7 SYSTEMPATH\CodeIgniter.php(502): CodeIgniter\CodeIgniter->runController(Object(App\Controllers\Equipment))
 8 SYSTEMPATH\CodeIgniter.php(361): CodeIgniter\CodeIgniter->handleRequest(null, Object(Config\Cache), false)
 9 FCPATH\index.php(79): CodeIgniter\CodeIgniter->run()
10 SYSTEMPATH\Commands\Server\rewrite.php(47): require_once('C:\\xampp\\htdocs\\dash_mon_dt\\public\\index.php')
CRITICAL - 2024-06-26 03:49:55 --> ErrorException: Undefined array key ""
in APPPATH\Views\chart.php on line 33.
 1 APPPATH\Views\chart.php(33): CodeIgniter\Debug\Exceptions->errorHandler(2, 'Undefined array key ""', 'C:\\xampp\\htdocs\\dash_mon_dt\\app\\Views\\chart.php', 33)
 2 SYSTEMPATH\View\View.php(228): include('C:\\xampp\\htdocs\\dash_mon_dt\\app\\Views\\chart.php')
 3 SYSTEMPATH\View\View.php(231): CodeIgniter\View\View->CodeIgniter\View\{closure}()
 4 SYSTEMPATH\Common.php(1178): CodeIgniter\View\View->render('chart', [], true)
 5 APPPATH\Controllers\Equipment.php(158): view('chart', [...])
 6 SYSTEMPATH\CodeIgniter.php(941): App\Controllers\Equipment->jum_data_status()
 7 SYSTEMPATH\CodeIgniter.php(502): CodeIgniter\CodeIgniter->runController(Object(App\Controllers\Equipment))
 8 SYSTEMPATH\CodeIgniter.php(361): CodeIgniter\CodeIgniter->handleRequest(null, Object(Config\Cache), false)
 9 FCPATH\index.php(79): CodeIgniter\CodeIgniter->run()
10 SYSTEMPATH\Commands\Server\rewrite.php(47): require_once('C:\\xampp\\htdocs\\dash_mon_dt\\public\\index.php')
CRITICAL - 2024-06-26 03:51:10 --> ErrorException: Undefined array key "total"
in APPPATH\Views\chart.php on line 33.
 1 APPPATH\Views\chart.php(33): CodeIgniter\Debug\Exceptions->errorHandler(2, 'Undefined array key "total"', 'C:\\xampp\\htdocs\\dash_mon_dt\\app\\Views\\chart.php', 33)
 2 SYSTEMPATH\View\View.php(228): include('C:\\xampp\\htdocs\\dash_mon_dt\\app\\Views\\chart.php')
 3 SYSTEMPATH\View\View.php(231): CodeIgniter\View\View->CodeIgniter\View\{closure}()
 4 SYSTEMPATH\Common.php(1178): CodeIgniter\View\View->render('chart', [], true)
 5 APPPATH\Controllers\Equipment.php(158): view('chart', [...])
 6 SYSTEMPATH\CodeIgniter.php(941): App\Controllers\Equipment->jum_data_status()
 7 SYSTEMPATH\CodeIgniter.php(502): CodeIgniter\CodeIgniter->runController(Object(App\Controllers\Equipment))
 8 SYSTEMPATH\CodeIgniter.php(361): CodeIgniter\CodeIgniter->handleRequest(null, Object(Config\Cache), false)
 9 FCPATH\index.php(79): CodeIgniter\CodeIgniter->run()
10 SYSTEMPATH\Commands\Server\rewrite.php(47): require_once('C:\\xampp\\htdocs\\dash_mon_dt\\public\\index.php')
CRITICAL - 2024-06-26 03:51:52 --> ErrorException: Array to string conversion
in APPPATH\Views\chart.php on line 32.
 1 APPPATH\Views\chart.php(32): CodeIgniter\Debug\Exceptions->errorHandler(2, 'Array to string conversion', 'C:\\xampp\\htdocs\\dash_mon_dt\\app\\Views\\chart.php', 32)
 2 SYSTEMPATH\View\View.php(228): include('C:\\xampp\\htdocs\\dash_mon_dt\\app\\Views\\chart.php')
 3 SYSTEMPATH\View\View.php(231): CodeIgniter\View\View->CodeIgniter\View\{closure}()
 4 SYSTEMPATH\Common.php(1178): CodeIgniter\View\View->render('chart', [], true)
 5 APPPATH\Controllers\Equipment.php(158): view('chart', [...])
 6 SYSTEMPATH\CodeIgniter.php(941): App\Controllers\Equipment->jum_data_status()
 7 SYSTEMPATH\CodeIgniter.php(502): CodeIgniter\CodeIgniter->runController(Object(App\Controllers\Equipment))
 8 SYSTEMPATH\CodeIgniter.php(361): CodeIgniter\CodeIgniter->handleRequest(null, Object(Config\Cache), false)
 9 FCPATH\index.php(79): CodeIgniter\CodeIgniter->run()
10 SYSTEMPATH\Commands\Server\rewrite.php(47): require_once('C:\\xampp\\htdocs\\dash_mon_dt\\public\\index.php')
CRITICAL - 2024-06-26 03:52:02 --> ErrorException: Undefined array key "total"
in APPPATH\Views\chart.php on line 32.
 1 APPPATH\Views\chart.php(32): CodeIgniter\Debug\Exceptions->errorHandler(2, 'Undefined array key "total"', 'C:\\xampp\\htdocs\\dash_mon_dt\\app\\Views\\chart.php', 32)
 2 SYSTEMPATH\View\View.php(228): include('C:\\xampp\\htdocs\\dash_mon_dt\\app\\Views\\chart.php')
 3 SYSTEMPATH\View\View.php(231): CodeIgniter\View\View->CodeIgniter\View\{closure}()
 4 SYSTEMPATH\Common.php(1178): CodeIgniter\View\View->render('chart', [], true)
 5 APPPATH\Controllers\Equipment.php(158): view('chart', [...])
 6 SYSTEMPATH\CodeIgniter.php(941): App\Controllers\Equipment->jum_data_status()
 7 SYSTEMPATH\CodeIgniter.php(502): CodeIgniter\CodeIgniter->runController(Object(App\Controllers\Equipment))
 8 SYSTEMPATH\CodeIgniter.php(361): CodeIgniter\CodeIgniter->handleRequest(null, Object(Config\Cache), false)
 9 FCPATH\index.php(79): CodeIgniter\CodeIgniter->run()
10 SYSTEMPATH\Commands\Server\rewrite.php(47): require_once('C:\\xampp\\htdocs\\dash_mon_dt\\public\\index.php')
CRITICAL - 2024-06-26 03:52:11 --> ErrorException: Undefined array key "status"
in APPPATH\Views\chart.php on line 32.
 1 APPPATH\Views\chart.php(32): CodeIgniter\Debug\Exceptions->errorHandler(2, 'Undefined array key "status"', 'C:\\xampp\\htdocs\\dash_mon_dt\\app\\Views\\chart.php', 32)
 2 SYSTEMPATH\View\View.php(228): include('C:\\xampp\\htdocs\\dash_mon_dt\\app\\Views\\chart.php')
 3 SYSTEMPATH\View\View.php(231): CodeIgniter\View\View->CodeIgniter\View\{closure}()
 4 SYSTEMPATH\Common.php(1178): CodeIgniter\View\View->render('chart', [], true)
 5 APPPATH\Controllers\Equipment.php(158): view('chart', [...])
 6 SYSTEMPATH\CodeIgniter.php(941): App\Controllers\Equipment->jum_data_status()
 7 SYSTEMPATH\CodeIgniter.php(502): CodeIgniter\CodeIgniter->runController(Object(App\Controllers\Equipment))
 8 SYSTEMPATH\CodeIgniter.php(361): CodeIgniter\CodeIgniter->handleRequest(null, Object(Config\Cache), false)
 9 FCPATH\index.php(79): CodeIgniter\CodeIgniter->run()
10 SYSTEMPATH\Commands\Server\rewrite.php(47): require_once('C:\\xampp\\htdocs\\dash_mon_dt\\public\\index.php')
CRITICAL - 2024-06-26 03:55:55 --> ErrorException: Undefined array key "Accident"
in APPPATH\Views\chart.php on line 32.
 1 APPPATH\Views\chart.php(32): CodeIgniter\Debug\Exceptions->errorHandler(2, 'Undefined array key "Accident"', 'C:\\xampp\\htdocs\\dash_mon_dt\\app\\Views\\chart.php', 32)
 2 SYSTEMPATH\View\View.php(228): include('C:\\xampp\\htdocs\\dash_mon_dt\\app\\Views\\chart.php')
 3 SYSTEMPATH\View\View.php(231): CodeIgniter\View\View->CodeIgniter\View\{closure}()
 4 SYSTEMPATH\Common.php(1178): CodeIgniter\View\View->render('chart', [], true)
 5 APPPATH\Controllers\Equipment.php(146): view('chart', [...])
 6 SYSTEMPATH\CodeIgniter.php(941): App\Controllers\Equipment->jum_data_status()
 7 SYSTEMPATH\CodeIgniter.php(502): CodeIgniter\CodeIgniter->runController(Object(App\Controllers\Equipment))
 8 SYSTEMPATH\CodeIgniter.php(361): CodeIgniter\CodeIgniter->handleRequest(null, Object(Config\Cache), false)
 9 FCPATH\index.php(79): CodeIgniter\CodeIgniter->run()
10 SYSTEMPATH\Commands\Server\rewrite.php(47): require_once('C:\\xampp\\htdocs\\dash_mon_dt\\public\\index.php')
CRITICAL - 2024-06-26 03:57:02 --> ErrorException: Undefined array key "Accident"
in APPPATH\Views\chart.php on line 32.
 1 APPPATH\Views\chart.php(32): CodeIgniter\Debug\Exceptions->errorHandler(2, 'Undefined array key "Accident"', 'C:\\xampp\\htdocs\\dash_mon_dt\\app\\Views\\chart.php', 32)
 2 SYSTEMPATH\View\View.php(228): include('C:\\xampp\\htdocs\\dash_mon_dt\\app\\Views\\chart.php')
 3 SYSTEMPATH\View\View.php(231): CodeIgniter\View\View->CodeIgniter\View\{closure}()
 4 SYSTEMPATH\Common.php(1178): CodeIgniter\View\View->render('chart', [], true)
 5 APPPATH\Controllers\Equipment.php(146): view('chart', [...])
 6 SYSTEMPATH\CodeIgniter.php(941): App\Controllers\Equipment->jum_data_status()
 7 SYSTEMPATH\CodeIgniter.php(502): CodeIgniter\CodeIgniter->runController(Object(App\Controllers\Equipment))
 8 SYSTEMPATH\CodeIgniter.php(361): CodeIgniter\CodeIgniter->handleRequest(null, Object(Config\Cache), false)
 9 FCPATH\index.php(79): CodeIgniter\CodeIgniter->run()
10 SYSTEMPATH\Commands\Server\rewrite.php(47): require_once('C:\\xampp\\htdocs\\dash_mon_dt\\public\\index.php')
CRITICAL - 2024-06-26 03:58:54 --> ErrorException: Undefined array key "total_data"
in APPPATH\Views\chart.php on line 4.
 1 APPPATH\Views\chart.php(4): CodeIgniter\Debug\Exceptions->errorHandler(2, 'Undefined array key "total_data"', 'C:\\xampp\\htdocs\\dash_mon_dt\\app\\Views\\chart.php', 4)
 2 SYSTEMPATH\View\View.php(228): include('C:\\xampp\\htdocs\\dash_mon_dt\\app\\Views\\chart.php')
 3 SYSTEMPATH\View\View.php(231): CodeIgniter\View\View->CodeIgniter\View\{closure}()
 4 SYSTEMPATH\Common.php(1178): CodeIgniter\View\View->render('chart', [], true)
 5 APPPATH\Controllers\Equipment.php(146): view('chart', [...])
 6 SYSTEMPATH\CodeIgniter.php(941): App\Controllers\Equipment->jum_data_status()
 7 SYSTEMPATH\CodeIgniter.php(502): CodeIgniter\CodeIgniter->runController(Object(App\Controllers\Equipment))
 8 SYSTEMPATH\CodeIgniter.php(361): CodeIgniter\CodeIgniter->handleRequest(null, Object(Config\Cache), false)
 9 FCPATH\index.php(79): CodeIgniter\CodeIgniter->run()
10 SYSTEMPATH\Commands\Server\rewrite.php(47): require_once('C:\\xampp\\htdocs\\dash_mon_dt\\public\\index.php')
CRITICAL - 2024-06-26 03:59:10 --> ErrorException: Undefined array key "total"
in APPPATH\Views\chart.php on line 4.
 1 APPPATH\Views\chart.php(4): CodeIgniter\Debug\Exceptions->errorHandler(2, 'Undefined array key "total"', 'C:\\xampp\\htdocs\\dash_mon_dt\\app\\Views\\chart.php', 4)
 2 SYSTEMPATH\View\View.php(228): include('C:\\xampp\\htdocs\\dash_mon_dt\\app\\Views\\chart.php')
 3 SYSTEMPATH\View\View.php(231): CodeIgniter\View\View->CodeIgniter\View\{closure}()
 4 SYSTEMPATH\Common.php(1178): CodeIgniter\View\View->render('chart', [], true)
 5 APPPATH\Controllers\Equipment.php(146): view('chart', [...])
 6 SYSTEMPATH\CodeIgniter.php(941): App\Controllers\Equipment->jum_data_status()
 7 SYSTEMPATH\CodeIgniter.php(502): CodeIgniter\CodeIgniter->runController(Object(App\Controllers\Equipment))
 8 SYSTEMPATH\CodeIgniter.php(361): CodeIgniter\CodeIgniter->handleRequest(null, Object(Config\Cache), false)
 9 FCPATH\index.php(79): CodeIgniter\CodeIgniter->run()
10 SYSTEMPATH\Commands\Server\rewrite.php(47): require_once('C:\\xampp\\htdocs\\dash_mon_dt\\public\\index.php')
CRITICAL - 2024-06-26 03:59:19 --> ErrorException: Undefined array key "Accident"
in APPPATH\Views\chart.php on line 4.
 1 APPPATH\Views\chart.php(4): CodeIgniter\Debug\Exceptions->errorHandler(2, 'Undefined array key "Accident"', 'C:\\xampp\\htdocs\\dash_mon_dt\\app\\Views\\chart.php', 4)
 2 SYSTEMPATH\View\View.php(228): include('C:\\xampp\\htdocs\\dash_mon_dt\\app\\Views\\chart.php')
 3 SYSTEMPATH\View\View.php(231): CodeIgniter\View\View->CodeIgniter\View\{closure}()
 4 SYSTEMPATH\Common.php(1178): CodeIgniter\View\View->render('chart', [], true)
 5 APPPATH\Controllers\Equipment.php(146): view('chart', [...])
 6 SYSTEMPATH\CodeIgniter.php(941): App\Controllers\Equipment->jum_data_status()
 7 SYSTEMPATH\CodeIgniter.php(502): CodeIgniter\CodeIgniter->runController(Object(App\Controllers\Equipment))
 8 SYSTEMPATH\CodeIgniter.php(361): CodeIgniter\CodeIgniter->handleRequest(null, Object(Config\Cache), false)
 9 FCPATH\index.php(79): CodeIgniter\CodeIgniter->run()
10 SYSTEMPATH\Commands\Server\rewrite.php(47): require_once('C:\\xampp\\htdocs\\dash_mon_dt\\public\\index.php')
CRITICAL - 2024-06-26 04:00:53 --> ErrorException: Undefined array key "accident"
in APPPATH\Views\chart.php on line 5.
 1 APPPATH\Views\chart.php(5): CodeIgniter\Debug\Exceptions->errorHandler(2, 'Undefined array key "accident"', 'C:\\xampp\\htdocs\\dash_mon_dt\\app\\Views\\chart.php', 5)
 2 SYSTEMPATH\View\View.php(228): include('C:\\xampp\\htdocs\\dash_mon_dt\\app\\Views\\chart.php')
 3 SYSTEMPATH\View\View.php(231): CodeIgniter\View\View->CodeIgniter\View\{closure}()
 4 SYSTEMPATH\Common.php(1178): CodeIgniter\View\View->render('chart', [], true)
 5 APPPATH\Controllers\Equipment.php(146): view('chart', [...])
 6 SYSTEMPATH\CodeIgniter.php(941): App\Controllers\Equipment->jum_data_status()
 7 SYSTEMPATH\CodeIgniter.php(502): CodeIgniter\CodeIgniter->runController(Object(App\Controllers\Equipment))
 8 SYSTEMPATH\CodeIgniter.php(361): CodeIgniter\CodeIgniter->handleRequest(null, Object(Config\Cache), false)
 9 FCPATH\index.php(79): CodeIgniter\CodeIgniter->run()
10 SYSTEMPATH\Commands\Server\rewrite.php(47): require_once('C:\\xampp\\htdocs\\dash_mon_dt\\public\\index.php')
CRITICAL - 2024-06-26 04:00:57 --> ErrorException: Undefined array key "Accident"
in APPPATH\Views\chart.php on line 5.
 1 APPPATH\Views\chart.php(5): CodeIgniter\Debug\Exceptions->errorHandler(2, 'Undefined array key "Accident"', 'C:\\xampp\\htdocs\\dash_mon_dt\\app\\Views\\chart.php', 5)
 2 SYSTEMPATH\View\View.php(228): include('C:\\xampp\\htdocs\\dash_mon_dt\\app\\Views\\chart.php')
 3 SYSTEMPATH\View\View.php(231): CodeIgniter\View\View->CodeIgniter\View\{closure}()
 4 SYSTEMPATH\Common.php(1178): CodeIgniter\View\View->render('chart', [], true)
 5 APPPATH\Controllers\Equipment.php(146): view('chart', [...])
 6 SYSTEMPATH\CodeIgniter.php(941): App\Controllers\Equipment->jum_data_status()
 7 SYSTEMPATH\CodeIgniter.php(502): CodeIgniter\CodeIgniter->runController(Object(App\Controllers\Equipment))
 8 SYSTEMPATH\CodeIgniter.php(361): CodeIgniter\CodeIgniter->handleRequest(null, Object(Config\Cache), false)
 9 FCPATH\index.php(79): CodeIgniter\CodeIgniter->run()
10 SYSTEMPATH\Commands\Server\rewrite.php(47): require_once('C:\\xampp\\htdocs\\dash_mon_dt\\public\\index.php')
CRITICAL - 2024-06-26 07:41:06 --> ErrorException: Attempt to read property "id" on array
in APPPATH\Views\chart.php on line 223.
 1 APPPATH\Views\chart.php(223): CodeIgniter\Debug\Exceptions->errorHandler(2, 'Attempt to read property "id" on array', 'C:\\xampp\\htdocs\\dash_mon_dt\\app\\Views\\chart.php', 223)
 2 SYSTEMPATH\View\View.php(228): include('C:\\xampp\\htdocs\\dash_mon_dt\\app\\Views\\chart.php')
 3 SYSTEMPATH\View\View.php(231): CodeIgniter\View\View->CodeIgniter\View\{closure}()
 4 SYSTEMPATH\Common.php(1178): CodeIgniter\View\View->render('chart', [], true)
 5 APPPATH\Controllers\Equipment.php(146): view('chart', [...])
 6 SYSTEMPATH\CodeIgniter.php(941): App\Controllers\Equipment->jum_data_status()
 7 SYSTEMPATH\CodeIgniter.php(502): CodeIgniter\CodeIgniter->runController(Object(App\Controllers\Equipment))
 8 SYSTEMPATH\CodeIgniter.php(361): CodeIgniter\CodeIgniter->handleRequest(null, Object(Config\Cache), false)
 9 FCPATH\index.php(79): CodeIgniter\CodeIgniter->run()
10 SYSTEMPATH\Commands\Server\rewrite.php(47): require_once('C:\\xampp\\htdocs\\dash_mon_dt\\public\\index.php')
CRITICAL - 2024-06-26 07:44:34 --> ErrorException: Undefined variable $kkbm
in APPPATH\Views\chart.php on line 217.
 1 APPPATH\Views\chart.php(217): CodeIgniter\Debug\Exceptions->errorHandler(2, 'Undefined variable $kkbm', 'C:\\xampp\\htdocs\\dash_mon_dt\\app\\Views\\chart.php', 217)
 2 SYSTEMPATH\View\View.php(228): include('C:\\xampp\\htdocs\\dash_mon_dt\\app\\Views\\chart.php')
 3 SYSTEMPATH\View\View.php(231): CodeIgniter\View\View->CodeIgniter\View\{closure}()
 4 SYSTEMPATH\Common.php(1178): CodeIgniter\View\View->render('chart', [], true)
 5 APPPATH\Controllers\Equipment.php(64): view('chart', [...])
 6 SYSTEMPATH\CodeIgniter.php(941): App\Controllers\Equipment->formEditData('10')
 7 SYSTEMPATH\CodeIgniter.php(502): CodeIgniter\CodeIgniter->runController(Object(App\Controllers\Equipment))
 8 SYSTEMPATH\CodeIgniter.php(361): CodeIgniter\CodeIgniter->handleRequest(null, Object(Config\Cache), false)
 9 FCPATH\index.php(79): CodeIgniter\CodeIgniter->run()
10 SYSTEMPATH\Commands\Server\rewrite.php(47): require_once('C:\\xampp\\htdocs\\dash_mon_dt\\public\\index.php')
CRITICAL - 2024-06-26 07:44:49 --> ErrorException: Undefined variable $kkbm
in APPPATH\Views\chart.php on line 217.
 1 APPPATH\Views\chart.php(217): CodeIgniter\Debug\Exceptions->errorHandler(2, 'Undefined variable $kkbm', 'C:\\xampp\\htdocs\\dash_mon_dt\\app\\Views\\chart.php', 217)
 2 SYSTEMPATH\View\View.php(228): include('C:\\xampp\\htdocs\\dash_mon_dt\\app\\Views\\chart.php')
 3 SYSTEMPATH\View\View.php(231): CodeIgniter\View\View->CodeIgniter\View\{closure}()
 4 SYSTEMPATH\Common.php(1178): CodeIgniter\View\View->render('chart', [], true)
 5 APPPATH\Controllers\Equipment.php(64): view('chart', [...])
 6 SYSTEMPATH\CodeIgniter.php(941): App\Controllers\Equipment->formEditData('13')
 7 SYSTEMPATH\CodeIgniter.php(502): CodeIgniter\CodeIgniter->runController(Object(App\Controllers\Equipment))
 8 SYSTEMPATH\CodeIgniter.php(361): CodeIgniter\CodeIgniter->handleRequest(null, Object(Config\Cache), false)
 9 FCPATH\index.php(79): CodeIgniter\CodeIgniter->run()
10 SYSTEMPATH\Commands\Server\rewrite.php(47): require_once('C:\\xampp\\htdocs\\dash_mon_dt\\public\\index.php')
CRITICAL - 2024-06-26 07:45:22 --> ErrorException: Undefined variable $kkbm
in APPPATH\Views\chart.php on line 217.
 1 APPPATH\Views\chart.php(217): CodeIgniter\Debug\Exceptions->errorHandler(2, 'Undefined variable $kkbm', 'C:\\xampp\\htdocs\\dash_mon_dt\\app\\Views\\chart.php', 217)
 2 SYSTEMPATH\View\View.php(228): include('C:\\xampp\\htdocs\\dash_mon_dt\\app\\Views\\chart.php')
 3 SYSTEMPATH\View\View.php(231): CodeIgniter\View\View->CodeIgniter\View\{closure}()
 4 SYSTEMPATH\Common.php(1178): CodeIgniter\View\View->render('chart', [], true)
 5 APPPATH\Controllers\Equipment.php(64): view('chart', [...])
 6 SYSTEMPATH\CodeIgniter.php(941): App\Controllers\Equipment->formEditData('10')
 7 SYSTEMPATH\CodeIgniter.php(502): CodeIgniter\CodeIgniter->runController(Object(App\Controllers\Equipment))
 8 SYSTEMPATH\CodeIgniter.php(361): CodeIgniter\CodeIgniter->handleRequest(null, Object(Config\Cache), false)
 9 FCPATH\index.php(79): CodeIgniter\CodeIgniter->run()
10 SYSTEMPATH\Commands\Server\rewrite.php(47): require_once('C:\\xampp\\htdocs\\dash_mon_dt\\public\\index.php')
CRITICAL - 2024-06-26 07:46:15 --> ErrorException: Undefined variable $kkbm
in APPPATH\Views\chart.php on line 217.
 1 APPPATH\Views\chart.php(217): CodeIgniter\Debug\Exceptions->errorHandler(2, 'Undefined variable $kkbm', 'C:\\xampp\\htdocs\\dash_mon_dt\\app\\Views\\chart.php', 217)
 2 SYSTEMPATH\View\View.php(228): include('C:\\xampp\\htdocs\\dash_mon_dt\\app\\Views\\chart.php')
 3 SYSTEMPATH\View\View.php(231): CodeIgniter\View\View->CodeIgniter\View\{closure}()
 4 SYSTEMPATH\Common.php(1178): CodeIgniter\View\View->render('chart', [], true)
 5 APPPATH\Controllers\Equipment.php(64): view('chart', [...])
 6 SYSTEMPATH\CodeIgniter.php(941): App\Controllers\Equipment->formEditData('10')
 7 SYSTEMPATH\CodeIgniter.php(502): CodeIgniter\CodeIgniter->runController(Object(App\Controllers\Equipment))
 8 SYSTEMPATH\CodeIgniter.php(361): CodeIgniter\CodeIgniter->handleRequest(null, Object(Config\Cache), false)
 9 FCPATH\index.php(79): CodeIgniter\CodeIgniter->run()
10 SYSTEMPATH\Commands\Server\rewrite.php(47): require_once('C:\\xampp\\htdocs\\dash_mon_dt\\public\\index.php')
CRITICAL - 2024-06-26 07:48:05 --> ErrorException: Undefined variable $kkbm
in APPPATH\Views\chart.php on line 217.
 1 APPPATH\Views\chart.php(217): CodeIgniter\Debug\Exceptions->errorHandler(2, 'Undefined variable $kkbm', 'C:\\xampp\\htdocs\\dash_mon_dt\\app\\Views\\chart.php', 217)
 2 SYSTEMPATH\View\View.php(228): include('C:\\xampp\\htdocs\\dash_mon_dt\\app\\Views\\chart.php')
 3 SYSTEMPATH\View\View.php(231): CodeIgniter\View\View->CodeIgniter\View\{closure}()
 4 SYSTEMPATH\Common.php(1178): CodeIgniter\View\View->render('chart', [], true)
 5 APPPATH\Controllers\Equipment.php(64): view('chart', [...])
 6 SYSTEMPATH\CodeIgniter.php(941): App\Controllers\Equipment->formEditData('10')
 7 SYSTEMPATH\CodeIgniter.php(502): CodeIgniter\CodeIgniter->runController(Object(App\Controllers\Equipment))
 8 SYSTEMPATH\CodeIgniter.php(361): CodeIgniter\CodeIgniter->handleRequest(null, Object(Config\Cache), false)
 9 FCPATH\index.php(79): CodeIgniter\CodeIgniter->run()
10 SYSTEMPATH\Commands\Server\rewrite.php(47): require_once('C:\\xampp\\htdocs\\dash_mon_dt\\public\\index.php')
CRITICAL - 2024-06-26 07:53:24 --> ErrorException: Undefined variable $kkbm
in APPPATH\Views\chart.php on line 217.
 1 APPPATH\Views\chart.php(217): CodeIgniter\Debug\Exceptions->errorHandler(2, 'Undefined variable $kkbm', 'C:\\xampp\\htdocs\\dash_mon_dt\\app\\Views\\chart.php', 217)
 2 SYSTEMPATH\View\View.php(228): include('C:\\xampp\\htdocs\\dash_mon_dt\\app\\Views\\chart.php')
 3 SYSTEMPATH\View\View.php(231): CodeIgniter\View\View->CodeIgniter\View\{closure}()
 4 SYSTEMPATH\Common.php(1178): CodeIgniter\View\View->render('chart', [], true)
 5 APPPATH\Controllers\Equipment.php(159): view('chart', [...])
 6 SYSTEMPATH\CodeIgniter.php(941): App\Controllers\Equipment->formEditchart('10')
 7 SYSTEMPATH\CodeIgniter.php(502): CodeIgniter\CodeIgniter->runController(Object(App\Controllers\Equipment))
 8 SYSTEMPATH\CodeIgniter.php(361): CodeIgniter\CodeIgniter->handleRequest(null, Object(Config\Cache), false)
 9 FCPATH\index.php(79): CodeIgniter\CodeIgniter->run()
10 SYSTEMPATH\Commands\Server\rewrite.php(47): require_once('C:\\xampp\\htdocs\\dash_mon_dt\\public\\index.php')
CRITICAL - 2024-06-26 07:57:19 --> ErrorException: Undefined variable $kkbm
in APPPATH\Views\chart.php on line 217.
 1 APPPATH\Views\chart.php(217): CodeIgniter\Debug\Exceptions->errorHandler(2, 'Undefined variable $kkbm', 'C:\\xampp\\htdocs\\dash_mon_dt\\app\\Views\\chart.php', 217)
 2 SYSTEMPATH\View\View.php(228): include('C:\\xampp\\htdocs\\dash_mon_dt\\app\\Views\\chart.php')
 3 SYSTEMPATH\View\View.php(231): CodeIgniter\View\View->CodeIgniter\View\{closure}()
 4 SYSTEMPATH\Common.php(1178): CodeIgniter\View\View->render('chart', [], true)
 5 APPPATH\Controllers\Equipment.php(159): view('chart', [...])
 6 SYSTEMPATH\CodeIgniter.php(941): App\Controllers\Equipment->formEditchart('10')
 7 SYSTEMPATH\CodeIgniter.php(502): CodeIgniter\CodeIgniter->runController(Object(App\Controllers\Equipment))
 8 SYSTEMPATH\CodeIgniter.php(361): CodeIgniter\CodeIgniter->handleRequest(null, Object(Config\Cache), false)
 9 FCPATH\index.php(79): CodeIgniter\CodeIgniter->run()
10 SYSTEMPATH\Commands\Server\rewrite.php(47): require_once('C:\\xampp\\htdocs\\dash_mon_dt\\public\\index.php')
CRITICAL - 2024-06-26 08:01:31 --> ErrorException: Undefined variable $kkbm
in APPPATH\Views\chart.php on line 221.
 1 APPPATH\Views\chart.php(221): CodeIgniter\Debug\Exceptions->errorHandler(2, 'Undefined variable $kkbm', 'C:\\xampp\\htdocs\\dash_mon_dt\\app\\Views\\chart.php', 221)
 2 SYSTEMPATH\View\View.php(228): include('C:\\xampp\\htdocs\\dash_mon_dt\\app\\Views\\chart.php')
 3 SYSTEMPATH\View\View.php(231): CodeIgniter\View\View->CodeIgniter\View\{closure}()
 4 SYSTEMPATH\Common.php(1178): CodeIgniter\View\View->render('chart', [], true)
 5 APPPATH\Controllers\Equipment.php(159): view('chart', [...])
 6 SYSTEMPATH\CodeIgniter.php(941): App\Controllers\Equipment->formEditchart('10')
 7 SYSTEMPATH\CodeIgniter.php(502): CodeIgniter\CodeIgniter->runController(Object(App\Controllers\Equipment))
 8 SYSTEMPATH\CodeIgniter.php(361): CodeIgniter\CodeIgniter->handleRequest(null, Object(Config\Cache), false)
 9 FCPATH\index.php(79): CodeIgniter\CodeIgniter->run()
10 SYSTEMPATH\Commands\Server\rewrite.php(47): require_once('C:\\xampp\\htdocs\\dash_mon_dt\\public\\index.php')
CRITICAL - 2024-06-26 08:01:50 --> ErrorException: Undefined variable $kkbm
in APPPATH\Views\chart.php on line 221.
 1 APPPATH\Views\chart.php(221): CodeIgniter\Debug\Exceptions->errorHandler(2, 'Undefined variable $kkbm', 'C:\\xampp\\htdocs\\dash_mon_dt\\app\\Views\\chart.php', 221)
 2 SYSTEMPATH\View\View.php(228): include('C:\\xampp\\htdocs\\dash_mon_dt\\app\\Views\\chart.php')
 3 SYSTEMPATH\View\View.php(231): CodeIgniter\View\View->CodeIgniter\View\{closure}()
 4 SYSTEMPATH\Common.php(1178): CodeIgniter\View\View->render('chart', [], true)
 5 APPPATH\Controllers\Equipment.php(64): view('chart', [...])
 6 SYSTEMPATH\CodeIgniter.php(941): App\Controllers\Equipment->formEditData('8')
 7 SYSTEMPATH\CodeIgniter.php(502): CodeIgniter\CodeIgniter->runController(Object(App\Controllers\Equipment))
 8 SYSTEMPATH\CodeIgniter.php(361): CodeIgniter\CodeIgniter->handleRequest(null, Object(Config\Cache), false)
 9 FCPATH\index.php(79): CodeIgniter\CodeIgniter->run()
10 SYSTEMPATH\Commands\Server\rewrite.php(47): require_once('C:\\xampp\\htdocs\\dash_mon_dt\\public\\index.php')
CRITICAL - 2024-06-26 08:59:22 --> ErrorException: Undefined variable $kkbm
in APPPATH\Views\chart.php on line 222.
 1 APPPATH\Views\chart.php(222): CodeIgniter\Debug\Exceptions->errorHandler(2, 'Undefined variable $kkbm', 'C:\\xampp\\htdocs\\dash_mon_dt\\app\\Views\\chart.php', 222)
 2 SYSTEMPATH\View\View.php(228): include('C:\\xampp\\htdocs\\dash_mon_dt\\app\\Views\\chart.php')
 3 SYSTEMPATH\View\View.php(231): CodeIgniter\View\View->CodeIgniter\View\{closure}()
 4 SYSTEMPATH\Common.php(1178): CodeIgniter\View\View->render('chart', [], true)
 5 APPPATH\Controllers\Equipment.php(159): view('chart', [...])
 6 SYSTEMPATH\CodeIgniter.php(941): App\Controllers\Equipment->formEditchart('10')
 7 SYSTEMPATH\CodeIgniter.php(502): CodeIgniter\CodeIgniter->runController(Object(App\Controllers\Equipment))
 8 SYSTEMPATH\CodeIgniter.php(361): CodeIgniter\CodeIgniter->handleRequest(null, Object(Config\Cache), false)
 9 FCPATH\index.php(79): CodeIgniter\CodeIgniter->run()
10 SYSTEMPATH\Commands\Server\rewrite.php(47): require_once('C:\\xampp\\htdocs\\dash_mon_dt\\public\\index.php')
CRITICAL - 2024-06-26 13:37:07 --> ErrorException: Attempt to read property "id" on array
in APPPATH\Views\chartedit.php on line 6.
 1 APPPATH\Views\chartedit.php(6): CodeIgniter\Debug\Exceptions->errorHandler(2, 'Attempt to read property "id" on array', 'C:\\xampp\\htdocs\\dash_mon_dt\\app\\Views\\chartedit.php', 6)
 2 SYSTEMPATH\View\View.php(228): include('C:\\xampp\\htdocs\\dash_mon_dt\\app\\Views\\chartedit.php')
 3 SYSTEMPATH\View\View.php(231): CodeIgniter\View\View->CodeIgniter\View\{closure}()
 4 SYSTEMPATH\Common.php(1178): CodeIgniter\View\View->render('chartedit', [], true)
 5 APPPATH\Controllers\Equipment.php(161): view('chartedit', [...])
 6 SYSTEMPATH\CodeIgniter.php(941): App\Controllers\Equipment->formEditchart('6')
 7 SYSTEMPATH\CodeIgniter.php(502): CodeIgniter\CodeIgniter->runController(Object(App\Controllers\Equipment))
 8 SYSTEMPATH\CodeIgniter.php(361): CodeIgniter\CodeIgniter->handleRequest(null, Object(Config\Cache), false)
 9 FCPATH\index.php(79): CodeIgniter\CodeIgniter->run()
10 SYSTEMPATH\Commands\Server\rewrite.php(47): require_once('C:\\xampp\\htdocs\\dash_mon_dt\\public\\index.php')
CRITICAL - 2024-06-26 13:37:43 --> ErrorException: Undefined array key "id"
in APPPATH\Views\chartedit.php on line 6.
 1 APPPATH\Views\chartedit.php(6): CodeIgniter\Debug\Exceptions->errorHandler(2, 'Undefined array key "id"', 'C:\\xampp\\htdocs\\dash_mon_dt\\app\\Views\\chartedit.php', 6)
 2 SYSTEMPATH\View\View.php(228): include('C:\\xampp\\htdocs\\dash_mon_dt\\app\\Views\\chartedit.php')
 3 SYSTEMPATH\View\View.php(231): CodeIgniter\View\View->CodeIgniter\View\{closure}()
 4 SYSTEMPATH\Common.php(1178): CodeIgniter\View\View->render('chartedit', [], true)
 5 APPPATH\Controllers\Equipment.php(161): view('chartedit', [...])
 6 SYSTEMPATH\CodeIgniter.php(941): App\Controllers\Equipment->formEditchart('6')
 7 SYSTEMPATH\CodeIgniter.php(502): CodeIgniter\CodeIgniter->runController(Object(App\Controllers\Equipment))
 8 SYSTEMPATH\CodeIgniter.php(361): CodeIgniter\CodeIgniter->handleRequest(null, Object(Config\Cache), false)
 9 FCPATH\index.php(79): CodeIgniter\CodeIgniter->run()
10 SYSTEMPATH\Commands\Server\rewrite.php(47): require_once('C:\\xampp\\htdocs\\dash_mon_dt\\public\\index.php')
CRITICAL - 2024-06-26 13:37:54 --> ErrorException: Array to string conversion
in APPPATH\Views\chartedit.php on line 6.
 1 APPPATH\Views\chartedit.php(6): CodeIgniter\Debug\Exceptions->errorHandler(2, 'Array to string conversion', 'C:\\xampp\\htdocs\\dash_mon_dt\\app\\Views\\chartedit.php', 6)
 2 SYSTEMPATH\View\View.php(228): include('C:\\xampp\\htdocs\\dash_mon_dt\\app\\Views\\chartedit.php')
 3 SYSTEMPATH\View\View.php(231): CodeIgniter\View\View->CodeIgniter\View\{closure}()
 4 SYSTEMPATH\Common.php(1178): CodeIgniter\View\View->render('chartedit', [], true)
 5 APPPATH\Controllers\Equipment.php(161): view('chartedit', [...])
 6 SYSTEMPATH\CodeIgniter.php(941): App\Controllers\Equipment->formEditchart('6')
 7 SYSTEMPATH\CodeIgniter.php(502): CodeIgniter\CodeIgniter->runController(Object(App\Controllers\Equipment))
 8 SYSTEMPATH\CodeIgniter.php(361): CodeIgniter\CodeIgniter->handleRequest(null, Object(Config\Cache), false)
 9 FCPATH\index.php(79): CodeIgniter\CodeIgniter->run()
10 SYSTEMPATH\Commands\Server\rewrite.php(47): require_once('C:\\xampp\\htdocs\\dash_mon_dt\\public\\index.php')
CRITICAL - 2024-06-26 13:38:44 --> ErrorException: Attempt to read property "id" on array
in APPPATH\Views\chartedit.php on line 6.
 1 APPPATH\Views\chartedit.php(6): CodeIgniter\Debug\Exceptions->errorHandler(2, 'Attempt to read property "id" on array', 'C:\\xampp\\htdocs\\dash_mon_dt\\app\\Views\\chartedit.php', 6)
 2 SYSTEMPATH\View\View.php(228): include('C:\\xampp\\htdocs\\dash_mon_dt\\app\\Views\\chartedit.php')
 3 SYSTEMPATH\View\View.php(231): CodeIgniter\View\View->CodeIgniter\View\{closure}()
 4 SYSTEMPATH\Common.php(1178): CodeIgniter\View\View->render('chartedit', [], true)
 5 APPPATH\Controllers\Equipment.php(161): view('chartedit', [...])
 6 SYSTEMPATH\CodeIgniter.php(941): App\Controllers\Equipment->formEditchart('6')
 7 SYSTEMPATH\CodeIgniter.php(502): CodeIgniter\CodeIgniter->runController(Object(App\Controllers\Equipment))
 8 SYSTEMPATH\CodeIgniter.php(361): CodeIgniter\CodeIgniter->handleRequest(null, Object(Config\Cache), false)
 9 FCPATH\index.php(79): CodeIgniter\CodeIgniter->run()
10 SYSTEMPATH\Commands\Server\rewrite.php(47): require_once('C:\\xampp\\htdocs\\dash_mon_dt\\public\\index.php')
CRITICAL - 2024-06-26 13:38:52 --> ErrorException: Attempt to read property "id_project" on array
in APPPATH\Views\chartedit.php on line 6.
 1 APPPATH\Views\chartedit.php(6): CodeIgniter\Debug\Exceptions->errorHandler(2, 'Attempt to read property "id_project" on array', 'C:\\xampp\\htdocs\\dash_mon_dt\\app\\Views\\chartedit.php', 6)
 2 SYSTEMPATH\View\View.php(228): include('C:\\xampp\\htdocs\\dash_mon_dt\\app\\Views\\chartedit.php')
 3 SYSTEMPATH\View\View.php(231): CodeIgniter\View\View->CodeIgniter\View\{closure}()
 4 SYSTEMPATH\Common.php(1178): CodeIgniter\View\View->render('chartedit', [], true)
 5 APPPATH\Controllers\Equipment.php(161): view('chartedit', [...])
 6 SYSTEMPATH\CodeIgniter.php(941): App\Controllers\Equipment->formEditchart('6')
 7 SYSTEMPATH\CodeIgniter.php(502): CodeIgniter\CodeIgniter->runController(Object(App\Controllers\Equipment))
 8 SYSTEMPATH\CodeIgniter.php(361): CodeIgniter\CodeIgniter->handleRequest(null, Object(Config\Cache), false)
 9 FCPATH\index.php(79): CodeIgniter\CodeIgniter->run()
10 SYSTEMPATH\Commands\Server\rewrite.php(47): require_once('C:\\xampp\\htdocs\\dash_mon_dt\\public\\index.php')
CRITICAL - 2024-06-26 13:39:02 --> ErrorException: Attempt to read property "id" on array
in APPPATH\Views\chartedit.php on line 6.
 1 APPPATH\Views\chartedit.php(6): CodeIgniter\Debug\Exceptions->errorHandler(2, 'Attempt to read property "id" on array', 'C:\\xampp\\htdocs\\dash_mon_dt\\app\\Views\\chartedit.php', 6)
 2 SYSTEMPATH\View\View.php(228): include('C:\\xampp\\htdocs\\dash_mon_dt\\app\\Views\\chartedit.php')
 3 SYSTEMPATH\View\View.php(231): CodeIgniter\View\View->CodeIgniter\View\{closure}()
 4 SYSTEMPATH\Common.php(1178): CodeIgniter\View\View->render('chartedit', [], true)
 5 APPPATH\Controllers\Equipment.php(161): view('chartedit', [...])
 6 SYSTEMPATH\CodeIgniter.php(941): App\Controllers\Equipment->formEditchart('6')
 7 SYSTEMPATH\CodeIgniter.php(502): CodeIgniter\CodeIgniter->runController(Object(App\Controllers\Equipment))
 8 SYSTEMPATH\CodeIgniter.php(361): CodeIgniter\CodeIgniter->handleRequest(null, Object(Config\Cache), false)
 9 FCPATH\index.php(79): CodeIgniter\CodeIgniter->run()
10 SYSTEMPATH\Commands\Server\rewrite.php(47): require_once('C:\\xampp\\htdocs\\dash_mon_dt\\public\\index.php')
CRITICAL - 2024-06-26 13:40:21 --> ErrorException: Attempt to read property "nolambung" on array
in APPPATH\Views\chartedit.php on line 13.
 1 APPPATH\Views\chartedit.php(13): CodeIgniter\Debug\Exceptions->errorHandler(2, 'Attempt to read property "nolambung" on array', 'C:\\xampp\\htdocs\\dash_mon_dt\\app\\Views\\chartedit.php', 13)
 2 SYSTEMPATH\View\View.php(228): include('C:\\xampp\\htdocs\\dash_mon_dt\\app\\Views\\chartedit.php')
 3 SYSTEMPATH\View\View.php(231): CodeIgniter\View\View->CodeIgniter\View\{closure}()
 4 SYSTEMPATH\Common.php(1178): CodeIgniter\View\View->render('chartedit', [], true)
 5 APPPATH\Controllers\Equipment.php(161): view('chartedit', [...])
 6 SYSTEMPATH\CodeIgniter.php(941): App\Controllers\Equipment->formEditchart('6')
 7 SYSTEMPATH\CodeIgniter.php(502): CodeIgniter\CodeIgniter->runController(Object(App\Controllers\Equipment))
 8 SYSTEMPATH\CodeIgniter.php(361): CodeIgniter\CodeIgniter->handleRequest(null, Object(Config\Cache), false)
 9 FCPATH\index.php(79): CodeIgniter\CodeIgniter->run()
10 SYSTEMPATH\Commands\Server\rewrite.php(47): require_once('C:\\xampp\\htdocs\\dash_mon_dt\\public\\index.php')
CRITICAL - 2024-06-26 13:43:12 --> ErrorException: Undefined variable $d
in APPPATH\Views\chartedit.php on line 7.
 1 APPPATH\Views\chartedit.php(7): CodeIgniter\Debug\Exceptions->errorHandler(2, 'Undefined variable $d', 'C:\\xampp\\htdocs\\dash_mon_dt\\app\\Views\\chartedit.php', 7)
 2 SYSTEMPATH\View\View.php(228): include('C:\\xampp\\htdocs\\dash_mon_dt\\app\\Views\\chartedit.php')
 3 SYSTEMPATH\View\View.php(231): CodeIgniter\View\View->CodeIgniter\View\{closure}()
 4 SYSTEMPATH\Common.php(1178): CodeIgniter\View\View->render('chartedit', [], true)
 5 APPPATH\Controllers\Equipment.php(161): view('chartedit', [...])
 6 SYSTEMPATH\CodeIgniter.php(941): App\Controllers\Equipment->formEditchart('6')
 7 SYSTEMPATH\CodeIgniter.php(502): CodeIgniter\CodeIgniter->runController(Object(App\Controllers\Equipment))
 8 SYSTEMPATH\CodeIgniter.php(361): CodeIgniter\CodeIgniter->handleRequest(null, Object(Config\Cache), false)
 9 FCPATH\index.php(79): CodeIgniter\CodeIgniter->run()
10 SYSTEMPATH\Commands\Server\rewrite.php(47): require_once('C:\\xampp\\htdocs\\dash_mon_dt\\public\\index.php')
CRITICAL - 2024-06-26 13:49:46 --> ErrorException: Undefined variable $d
in APPPATH\Views\chartedit.php on line 11.
 1 APPPATH\Views\chartedit.php(11): CodeIgniter\Debug\Exceptions->errorHandler(2, 'Undefined variable $d', 'C:\\xampp\\htdocs\\dash_mon_dt\\app\\Views\\chartedit.php', 11)
 2 SYSTEMPATH\View\View.php(228): include('C:\\xampp\\htdocs\\dash_mon_dt\\app\\Views\\chartedit.php')
 3 SYSTEMPATH\View\View.php(231): CodeIgniter\View\View->CodeIgniter\View\{closure}()
 4 SYSTEMPATH\Common.php(1178): CodeIgniter\View\View->render('chartedit', [], true)
 5 APPPATH\Controllers\Equipment.php(161): view('chartedit', [...])
 6 SYSTEMPATH\CodeIgniter.php(941): App\Controllers\Equipment->formEditchart('17')
 7 SYSTEMPATH\CodeIgniter.php(502): CodeIgniter\CodeIgniter->runController(Object(App\Controllers\Equipment))
 8 SYSTEMPATH\CodeIgniter.php(361): CodeIgniter\CodeIgniter->handleRequest(null, Object(Config\Cache), false)
 9 FCPATH\index.php(79): CodeIgniter\CodeIgniter->run()
10 SYSTEMPATH\Commands\Server\rewrite.php(47): require_once('C:\\xampp\\htdocs\\dash_mon_dt\\public\\index.php')
CRITICAL - 2024-06-26 13:52:52 --> TypeError: mysqli_result::fetch_object(): Argument #1 ($class) must be a valid class name, 17 given
in SYSTEMPATH\Database\MySQLi\Result.php on line 154.
 1 SYSTEMPATH\Database\MySQLi\Result.php(154): mysqli_result->fetch_object('17')
 2 SYSTEMPATH\Database\BaseResult.php(159): CodeIgniter\Database\MySQLi\Result->fetchObject('17')
 3 SYSTEMPATH\Database\BaseResult.php(114): CodeIgniter\Database\BaseResult->getCustomResultObject('17')
 4 APPPATH\Controllers\Equipment.php(155): CodeIgniter\Database\BaseResult->getResult('17')
 5 SYSTEMPATH\CodeIgniter.php(941): App\Controllers\Equipment->formEditchart('17')
 6 SYSTEMPATH\CodeIgniter.php(502): CodeIgniter\CodeIgniter->runController(Object(App\Controllers\Equipment))
 7 SYSTEMPATH\CodeIgniter.php(361): CodeIgniter\CodeIgniter->handleRequest(null, Object(Config\Cache), false)
 8 FCPATH\index.php(79): CodeIgniter\CodeIgniter->run()
 9 SYSTEMPATH\Commands\Server\rewrite.php(47): require_once('C:\\xampp\\htdocs\\dash_mon_dt\\public\\index.php')
CRITICAL - 2024-06-26 13:57:22 --> TypeError: mysqli_result::fetch_object(): Argument #1 ($class) must be a valid class name, 17 given
in SYSTEMPATH\Database\MySQLi\Result.php on line 154.
 1 SYSTEMPATH\Database\MySQLi\Result.php(154): mysqli_result->fetch_object('17')
 2 SYSTEMPATH\Database\BaseResult.php(159): CodeIgniter\Database\MySQLi\Result->fetchObject('17')
 3 SYSTEMPATH\Database\BaseResult.php(114): CodeIgniter\Database\BaseResult->getCustomResultObject('17')
 4 APPPATH\Controllers\Equipment.php(155): CodeIgniter\Database\BaseResult->getResult('17')
 5 SYSTEMPATH\CodeIgniter.php(941): App\Controllers\Equipment->formEditchart('17')
 6 SYSTEMPATH\CodeIgniter.php(502): CodeIgniter\CodeIgniter->runController(Object(App\Controllers\Equipment))
 7 SYSTEMPATH\CodeIgniter.php(361): CodeIgniter\CodeIgniter->handleRequest(null, Object(Config\Cache), false)
 8 FCPATH\index.php(79): CodeIgniter\CodeIgniter->run()
 9 SYSTEMPATH\Commands\Server\rewrite.php(47): require_once('C:\\xampp\\htdocs\\dash_mon_dt\\public\\index.php')
CRITICAL - 2024-06-26 13:57:27 --> TypeError: mysqli_result::fetch_object(): Argument #1 ($class) must be a valid class name, 11 given
in SYSTEMPATH\Database\MySQLi\Result.php on line 154.
 1 SYSTEMPATH\Database\MySQLi\Result.php(154): mysqli_result->fetch_object('11')
 2 SYSTEMPATH\Database\BaseResult.php(159): CodeIgniter\Database\MySQLi\Result->fetchObject('11')
 3 SYSTEMPATH\Database\BaseResult.php(114): CodeIgniter\Database\BaseResult->getCustomResultObject('11')
 4 APPPATH\Controllers\Equipment.php(155): CodeIgniter\Database\BaseResult->getResult('11')
 5 SYSTEMPATH\CodeIgniter.php(941): App\Controllers\Equipment->formEditchart('11')
 6 SYSTEMPATH\CodeIgniter.php(502): CodeIgniter\CodeIgniter->runController(Object(App\Controllers\Equipment))
 7 SYSTEMPATH\CodeIgniter.php(361): CodeIgniter\CodeIgniter->handleRequest(null, Object(Config\Cache), false)
 8 FCPATH\index.php(79): CodeIgniter\CodeIgniter->run()
 9 SYSTEMPATH\Commands\Server\rewrite.php(47): require_once('C:\\xampp\\htdocs\\dash_mon_dt\\public\\index.php')
CRITICAL - 2024-06-26 14:03:45 --> TypeError: mysqli_result::fetch_object(): Argument #1 ($class) must be a valid class name, 11 given
in SYSTEMPATH\Database\MySQLi\Result.php on line 154.
 1 SYSTEMPATH\Database\MySQLi\Result.php(154): mysqli_result->fetch_object('11')
 2 SYSTEMPATH\Database\BaseResult.php(159): CodeIgniter\Database\MySQLi\Result->fetchObject('11')
 3 SYSTEMPATH\Database\BaseResult.php(114): CodeIgniter\Database\BaseResult->getCustomResultObject('11')
 4 APPPATH\Controllers\Equipment.php(155): CodeIgniter\Database\BaseResult->getResult('11')
 5 SYSTEMPATH\CodeIgniter.php(941): App\Controllers\Equipment->formEditchart('11')
 6 SYSTEMPATH\CodeIgniter.php(502): CodeIgniter\CodeIgniter->runController(Object(App\Controllers\Equipment))
 7 SYSTEMPATH\CodeIgniter.php(361): CodeIgniter\CodeIgniter->handleRequest(null, Object(Config\Cache), false)
 8 FCPATH\index.php(79): CodeIgniter\CodeIgniter->run()
 9 SYSTEMPATH\Commands\Server\rewrite.php(47): require_once('C:\\xampp\\htdocs\\dash_mon_dt\\public\\index.php')
CRITICAL - 2024-06-26 14:03:50 --> TypeError: mysqli_result::fetch_object(): Argument #1 ($class) must be a valid class name, 6 given
in SYSTEMPATH\Database\MySQLi\Result.php on line 154.
 1 SYSTEMPATH\Database\MySQLi\Result.php(154): mysqli_result->fetch_object('6')
 2 SYSTEMPATH\Database\BaseResult.php(159): CodeIgniter\Database\MySQLi\Result->fetchObject('6')
 3 SYSTEMPATH\Database\BaseResult.php(114): CodeIgniter\Database\BaseResult->getCustomResultObject('6')
 4 APPPATH\Controllers\Equipment.php(155): CodeIgniter\Database\BaseResult->getResult('6')
 5 SYSTEMPATH\CodeIgniter.php(941): App\Controllers\Equipment->formEditchart('6')
 6 SYSTEMPATH\CodeIgniter.php(502): CodeIgniter\CodeIgniter->runController(Object(App\Controllers\Equipment))
 7 SYSTEMPATH\CodeIgniter.php(361): CodeIgniter\CodeIgniter->handleRequest(null, Object(Config\Cache), false)
 8 FCPATH\index.php(79): CodeIgniter\CodeIgniter->run()
 9 SYSTEMPATH\Commands\Server\rewrite.php(47): require_once('C:\\xampp\\htdocs\\dash_mon_dt\\public\\index.php')
CRITICAL - 2024-06-26 14:22:30 --> ErrorException: Attempt to read property "nolambung" on string
in APPPATH\Views\chartedit.php on line 12.
 1 APPPATH\Views\chartedit.php(12): CodeIgniter\Debug\Exceptions->errorHandler(2, 'Attempt to read property "nolambung" on string', 'C:\\xampp\\htdocs\\dash_mon_dt\\app\\Views\\chartedit.php', 12)
 2 SYSTEMPATH\View\View.php(228): include('C:\\xampp\\htdocs\\dash_mon_dt\\app\\Views\\chartedit.php')
 3 SYSTEMPATH\View\View.php(231): CodeIgniter\View\View->CodeIgniter\View\{closure}()
 4 SYSTEMPATH\Common.php(1178): CodeIgniter\View\View->render('chartedit', [], true)
 5 APPPATH\Controllers\Equipment.php(161): view('chartedit', [...])
 6 SYSTEMPATH\CodeIgniter.php(941): App\Controllers\Equipment->formEditchart('6')
 7 SYSTEMPATH\CodeIgniter.php(502): CodeIgniter\CodeIgniter->runController(Object(App\Controllers\Equipment))
 8 SYSTEMPATH\CodeIgniter.php(361): CodeIgniter\CodeIgniter->handleRequest(null, Object(Config\Cache), false)
 9 FCPATH\index.php(79): CodeIgniter\CodeIgniter->run()
10 SYSTEMPATH\Commands\Server\rewrite.php(47): require_once('C:\\xampp\\htdocs\\dash_mon_dt\\public\\index.php')
CRITICAL - 2024-06-26 14:34:35 --> RuntimeException: View themes, no current section.
in SYSTEMPATH\View\View.php on line 425.
 1 APPPATH\Views\chart.php(349): CodeIgniter\View\View->endSection()
 2 SYSTEMPATH\View\View.php(228): include('C:\\xampp\\htdocs\\dash_mon_dt\\app\\Views\\chart.php')
 3 SYSTEMPATH\View\View.php(231): CodeIgniter\View\View->CodeIgniter\View\{closure}()
 4 SYSTEMPATH\Common.php(1178): CodeIgniter\View\View->render('chart', [], true)
 5 APPPATH\Controllers\Equipment.php(146): view('chart', [...])
 6 SYSTEMPATH\CodeIgniter.php(941): App\Controllers\Equipment->jum_data_status()
 7 SYSTEMPATH\CodeIgniter.php(502): CodeIgniter\CodeIgniter->runController(Object(App\Controllers\Equipment))
 8 SYSTEMPATH\CodeIgniter.php(361): CodeIgniter\CodeIgniter->handleRequest(null, Object(Config\Cache), false)
 9 FCPATH\index.php(79): CodeIgniter\CodeIgniter->run()
10 SYSTEMPATH\Commands\Server\rewrite.php(47): require_once('C:\\xampp\\htdocs\\dash_mon_dt\\public\\index.php')
CRITICAL - 2024-06-26 14:59:06 --> ErrorException: Undefined variable $data6
in APPPATH\Controllers\Equipment.php on line 142.
 1 APPPATH\Controllers\Equipment.php(142): CodeIgniter\Debug\Exceptions->errorHandler(2, 'Undefined variable $data6', 'C:\\xampp\\htdocs\\dash_mon_dt\\app\\Controllers\\Equipment.php', 142)
 2 SYSTEMPATH\CodeIgniter.php(941): App\Controllers\Equipment->jum_data_status()
 3 SYSTEMPATH\CodeIgniter.php(502): CodeIgniter\CodeIgniter->runController(Object(App\Controllers\Equipment))
 4 SYSTEMPATH\CodeIgniter.php(361): CodeIgniter\CodeIgniter->handleRequest(null, Object(Config\Cache), false)
 5 FCPATH\index.php(79): CodeIgniter\CodeIgniter->run()
 6 SYSTEMPATH\Commands\Server\rewrite.php(47): require_once('C:\\xampp\\htdocs\\dash_mon_dt\\public\\index.php')
CRITICAL - 2024-06-26 15:21:42 --> TypeError: count(): Argument #1 ($value) must be of type Countable|array, null given
in APPPATH\Views\chart.php on line 132.
 1 SYSTEMPATH\View\View.php(228): include()
 2 SYSTEMPATH\View\View.php(231): CodeIgniter\View\View->CodeIgniter\View\{closure}()
 3 SYSTEMPATH\Common.php(1178): CodeIgniter\View\View->render('chart', [], true)
 4 APPPATH\Controllers\Equipment.php(175): view('chart', [...])
 5 SYSTEMPATH\CodeIgniter.php(941): App\Controllers\Equipment->jum_data_status()
 6 SYSTEMPATH\CodeIgniter.php(502): CodeIgniter\CodeIgniter->runController(Object(App\Controllers\Equipment))
 7 SYSTEMPATH\CodeIgniter.php(361): CodeIgniter\CodeIgniter->handleRequest(null, Object(Config\Cache), false)
 8 FCPATH\index.php(79): CodeIgniter\CodeIgniter->run()
 9 SYSTEMPATH\Commands\Server\rewrite.php(47): require_once('C:\\xampp\\htdocs\\dash_mon_dt\\public\\index.php')
CRITICAL - 2024-06-26 15:21:42 --> [Caused by] ErrorException: Undefined variable $data_ready3
in APPPATH\Views\chart.php on line 132.
 1 APPPATH\Views\chart.php(132): CodeIgniter\Debug\Exceptions->errorHandler(2, 'Undefined variable $data_ready3', 'C:\\xampp\\htdocs\\dash_mon_dt\\app\\Views\\chart.php', 132)
 2 SYSTEMPATH\View\View.php(228): include('C:\\xampp\\htdocs\\dash_mon_dt\\app\\Views\\chart.php')
 3 SYSTEMPATH\View\View.php(231): CodeIgniter\View\View->CodeIgniter\View\{closure}()
 4 SYSTEMPATH\Common.php(1178): CodeIgniter\View\View->render('chart', [], true)
 5 APPPATH\Controllers\Equipment.php(175): view('chart', [...])
 6 SYSTEMPATH\CodeIgniter.php(941): App\Controllers\Equipment->jum_data_status()
 7 SYSTEMPATH\CodeIgniter.php(502): CodeIgniter\CodeIgniter->runController(Object(App\Controllers\Equipment))
 8 SYSTEMPATH\CodeIgniter.php(361): CodeIgniter\CodeIgniter->handleRequest(null, Object(Config\Cache), false)
 9 FCPATH\index.php(79): CodeIgniter\CodeIgniter->run()
10 SYSTEMPATH\Commands\Server\rewrite.php(47): require_once('C:\\xampp\\htdocs\\dash_mon_dt\\public\\index.php')
