ERROR - 2024-07-09 00:51:15 --> mysqli_sql_exception: You have an error in your SQL syntax; check the manual that corresponds to your MariaDB server version for the right syntax to use near '1 PRIMARY KEY(`username`)
) DEFAULT CHARACTER SET = utf8 COLLATE = utf8_gener...' at line 7 in C:\xampp\htdocs\dash_mon_dt\system\Database\MySQLi\Connection.php:306
Stack trace:
#0 C:\xampp\htdocs\dash_mon_dt\system\Database\MySQLi\Connection.php(306): mysqli->query('CREATE TABLE `u...', 0)
#1 C:\xampp\htdocs\dash_mon_dt\system\Database\BaseConnection.php(693): CodeIgniter\Database\MySQLi\Connection->execute('CREATE TABLE `u...')
#2 C:\xampp\htdocs\dash_mon_dt\system\Database\BaseConnection.php(607): CodeIgniter\Database\BaseConnection->simpleQuery('CREATE TABLE `u...')
#3 C:\xampp\htdocs\dash_mon_dt\system\Database\Forge.php(546): CodeIgniter\Database\BaseConnection->query('CREATE TABLE `u...')
#4 C:\xampp\htdocs\dash_mon_dt\app\Database\Migrations\2024-07-08-083607_User.php(35): CodeIgniter\Database\Forge->createTable('users')
#5 C:\xampp\htdocs\dash_mon_dt\system\Database\MigrationRunner.php(865): App\Database\Migrations\User->up()
#6 C:\xampp\htdocs\dash_mon_dt\system\Database\MigrationRunner.php(181): CodeIgniter\Database\MigrationRunner->migrate('up', Object(stdClass))
#7 C:\xampp\htdocs\dash_mon_dt\system\Commands\Database\Migrate.php(84): CodeIgniter\Database\MigrationRunner->latest(NULL)
#8 C:\xampp\htdocs\dash_mon_dt\system\CLI\Commands.php(65): CodeIgniter\Commands\Database\Migrate->run(Array)
#9 C:\xampp\htdocs\dash_mon_dt\system\CLI\Console.php(46): CodeIgniter\CLI\Commands->run('migrate', Array)
#10 C:\xampp\htdocs\dash_mon_dt\spark(102): CodeIgniter\CLI\Console->run()
#11 {main}
CRITICAL - 2024-07-09 01:34:50 --> Error: Call to a member function getResultArray() on bool
in APPPATH\Controllers\Equipment.php on line 240.
 1 SYSTEMPATH\CodeIgniter.php(941): App\Controllers\Equipment->init_data()
 2 SYSTEMPATH\CodeIgniter.php(502): CodeIgniter\CodeIgniter->runController(Object(App\Controllers\Equipment))
 3 SYSTEMPATH\CodeIgniter.php(361): CodeIgniter\CodeIgniter->handleRequest(null, Object(Config\Cache), false)
 4 FCPATH\index.php(79): CodeIgniter\CodeIgniter->run()
 5 SYSTEMPATH\Commands\Server\rewrite.php(47): require_once('C:\\xampp\\htdocs\\dash_mon_dt\\public\\index.php')
CRITICAL - 2024-07-09 01:35:10 --> Error: Call to a member function getResultArray() on bool
in APPPATH\Controllers\Equipment.php on line 240.
 1 SYSTEMPATH\CodeIgniter.php(941): App\Controllers\Equipment->init_data()
 2 SYSTEMPATH\CodeIgniter.php(502): CodeIgniter\CodeIgniter->runController(Object(App\Controllers\Equipment))
 3 SYSTEMPATH\CodeIgniter.php(361): CodeIgniter\CodeIgniter->handleRequest(null, Object(Config\Cache), false)
 4 FCPATH\index.php(79): CodeIgniter\CodeIgniter->run()
 5 SYSTEMPATH\Commands\Server\rewrite.php(47): require_once('C:\\xampp\\htdocs\\dash_mon_dt\\public\\index.php')
CRITICAL - 2024-07-09 01:38:36 --> Error: Call to a member function getResultArray() on bool
in APPPATH\Controllers\Equipment.php on line 240.
 1 SYSTEMPATH\CodeIgniter.php(941): App\Controllers\Equipment->init_data()
 2 SYSTEMPATH\CodeIgniter.php(502): CodeIgniter\CodeIgniter->runController(Object(App\Controllers\Equipment))
 3 SYSTEMPATH\CodeIgniter.php(361): CodeIgniter\CodeIgniter->handleRequest(null, Object(Config\Cache), false)
 4 FCPATH\index.php(79): CodeIgniter\CodeIgniter->run()
 5 SYSTEMPATH\Commands\Server\rewrite.php(47): require_once('C:\\xampp\\htdocs\\dash_mon_dt\\public\\index.php')
CRITICAL - 2024-07-09 01:39:31 --> Error: Call to a member function getResult() on bool
in APPPATH\Controllers\Equipment.php on line 239.
 1 SYSTEMPATH\CodeIgniter.php(941): App\Controllers\Equipment->init_data()
 2 SYSTEMPATH\CodeIgniter.php(502): CodeIgniter\CodeIgniter->runController(Object(App\Controllers\Equipment))
 3 SYSTEMPATH\CodeIgniter.php(361): CodeIgniter\CodeIgniter->handleRequest(null, Object(Config\Cache), false)
 4 FCPATH\index.php(79): CodeIgniter\CodeIgniter->run()
 5 SYSTEMPATH\Commands\Server\rewrite.php(47): require_once('C:\\xampp\\htdocs\\dash_mon_dt\\public\\index.php')
CRITICAL - 2024-07-09 01:39:36 --> Error: Call to a member function getResult() on bool
in APPPATH\Controllers\Equipment.php on line 239.
 1 SYSTEMPATH\CodeIgniter.php(941): App\Controllers\Equipment->init_data()
 2 SYSTEMPATH\CodeIgniter.php(502): CodeIgniter\CodeIgniter->runController(Object(App\Controllers\Equipment))
 3 SYSTEMPATH\CodeIgniter.php(361): CodeIgniter\CodeIgniter->handleRequest(null, Object(Config\Cache), false)
 4 FCPATH\index.php(79): CodeIgniter\CodeIgniter->run()
 5 SYSTEMPATH\Commands\Server\rewrite.php(47): require_once('C:\\xampp\\htdocs\\dash_mon_dt\\public\\index.php')
CRITICAL - 2024-07-09 02:04:45 --> Error: Call to a member function getResult() on bool
in APPPATH\Controllers\Equipment.php on line 239.
 1 SYSTEMPATH\CodeIgniter.php(941): App\Controllers\Equipment->init_data()
 2 SYSTEMPATH\CodeIgniter.php(502): CodeIgniter\CodeIgniter->runController(Object(App\Controllers\Equipment))
 3 SYSTEMPATH\CodeIgniter.php(361): CodeIgniter\CodeIgniter->handleRequest(null, Object(Config\Cache), false)
 4 FCPATH\index.php(79): CodeIgniter\CodeIgniter->run()
 5 SYSTEMPATH\Commands\Server\rewrite.php(47): require_once('C:\\xampp\\htdocs\\dash_mon_dt\\public\\index.php')
CRITICAL - 2024-07-09 02:04:54 --> Error: Call to a member function getResult() on bool
in APPPATH\Controllers\Equipment.php on line 239.
 1 SYSTEMPATH\CodeIgniter.php(941): App\Controllers\Equipment->init_data()
 2 SYSTEMPATH\CodeIgniter.php(502): CodeIgniter\CodeIgniter->runController(Object(App\Controllers\Equipment))
 3 SYSTEMPATH\CodeIgniter.php(361): CodeIgniter\CodeIgniter->handleRequest(null, Object(Config\Cache), false)
 4 FCPATH\index.php(79): CodeIgniter\CodeIgniter->run()
 5 SYSTEMPATH\Commands\Server\rewrite.php(47): require_once('C:\\xampp\\htdocs\\dash_mon_dt\\public\\index.php')
CRITICAL - 2024-07-09 02:55:44 --> CodeIgniter\View\Exceptions\ViewException: Invalid file: "user.php"
in SYSTEMPATH\Exceptions\FrameworkException.php on line 39.
 1 SYSTEMPATH\View\View.php(216): CodeIgniter\Exceptions\FrameworkException::forInvalidFile('user.php')
 2 SYSTEMPATH\Common.php(1178): CodeIgniter\View\View->render('user', [], true)
 3 APPPATH\Controllers\User.php(13): view('user', [...])
 4 SYSTEMPATH\CodeIgniter.php(941): App\Controllers\User->index()
 5 SYSTEMPATH\CodeIgniter.php(502): CodeIgniter\CodeIgniter->runController(Object(App\Controllers\User))
 6 SYSTEMPATH\CodeIgniter.php(361): CodeIgniter\CodeIgniter->handleRequest(null, Object(Config\Cache), false)
 7 FCPATH\index.php(79): CodeIgniter\CodeIgniter->run()
 8 SYSTEMPATH\Commands\Server\rewrite.php(47): require_once('C:\\xampp\\htdocs\\dash_mon_dt\\public\\index.php')
